This is pdfTeX, Version 3.1415926-2.6-1.40.14 (TeX Live 2014/dev) (format=pdflatex 2015.5.12)  22 JUL 2015 18:21
entering extended mode
 \write18 enabled.
 %&-line parsing enabled.
**fault_tolerance_report.tex
(./fault_tolerance_report.tex
LaTeX2e <2011/06/27>
Babel <3.9h> and hyphenation patterns for 76 languages loaded.
(/usr/share/texlive/texmf-dist/tex/latex/base/article.cls
Document Class: article 2007/10/19 v1.4h Standard LaTeX document class
(/usr/share/texlive/texmf-dist/tex/latex/base/size11.clo
File: size11.clo 2007/10/19 v1.4h Standard LaTeX file (size option)
)
\c@part=\count79
\c@section=\count80
\c@subsection=\count81
\c@subsubsection=\count82
\c@paragraph=\count83
\c@subparagraph=\count84
\c@figure=\count85
\c@table=\count86
\abovecaptionskip=\skip41
\belowcaptionskip=\skip42
\bibindent=\dimen102
)
(/usr/share/texlive/texmf-dist/tex/latex/base/inputenc.sty
Package: inputenc 2008/03/30 v1.1d Input encoding file
\inpenc@prehook=\toks14
\inpenc@posthook=\toks15

(/usr/share/texlive/texmf-dist/tex/latex/base/utf8.def
File: utf8.def 2008/04/05 v1.1m UTF-8 support for inputenc
Now handling font encoding OML ...
... no UTF-8 mapping file for font encoding OML
Now handling font encoding T1 ...
... processing UTF-8 mapping file for font encoding T1

(/usr/share/texlive/texmf-dist/tex/latex/base/t1enc.dfu
File: t1enc.dfu 2008/04/05 v1.1m UTF-8 support for inputenc
   defining Unicode char U+00A1 (decimal 161)
   defining Unicode char U+00A3 (decimal 163)
   defining Unicode char U+00AB (decimal 171)
   defining Unicode char U+00BB (decimal 187)
   defining Unicode char U+00BF (decimal 191)
   defining Unicode char U+00C0 (decimal 192)
   defining Unicode char U+00C1 (decimal 193)
   defining Unicode char U+00C2 (decimal 194)
   defining Unicode char U+00C3 (decimal 195)
   defining Unicode char U+00C4 (decimal 196)
   defining Unicode char U+00C5 (decimal 197)
   defining Unicode char U+00C6 (decimal 198)
   defining Unicode char U+00C7 (decimal 199)
   defining Unicode char U+00C8 (decimal 200)
   defining Unicode char U+00C9 (decimal 201)
   defining Unicode char U+00CA (decimal 202)
   defining Unicode char U+00CB (decimal 203)
   defining Unicode char U+00CC (decimal 204)
   defining Unicode char U+00CD (decimal 205)
   defining Unicode char U+00CE (decimal 206)
   defining Unicode char U+00CF (decimal 207)
   defining Unicode char U+00D0 (decimal 208)
   defining Unicode char U+00D1 (decimal 209)
   defining Unicode char U+00D2 (decimal 210)
   defining Unicode char U+00D3 (decimal 211)
   defining Unicode char U+00D4 (decimal 212)
   defining Unicode char U+00D5 (decimal 213)
   defining Unicode char U+00D6 (decimal 214)
   defining Unicode char U+00D8 (decimal 216)
   defining Unicode char U+00D9 (decimal 217)
   defining Unicode char U+00DA (decimal 218)
   defining Unicode char U+00DB (decimal 219)
   defining Unicode char U+00DC (decimal 220)
   defining Unicode char U+00DD (decimal 221)
   defining Unicode char U+00DE (decimal 222)
   defining Unicode char U+00DF (decimal 223)
   defining Unicode char U+00E0 (decimal 224)
   defining Unicode char U+00E1 (decimal 225)
   defining Unicode char U+00E2 (decimal 226)
   defining Unicode char U+00E3 (decimal 227)
   defining Unicode char U+00E4 (decimal 228)
   defining Unicode char U+00E5 (decimal 229)
   defining Unicode char U+00E6 (decimal 230)
   defining Unicode char U+00E7 (decimal 231)
   defining Unicode char U+00E8 (decimal 232)
   defining Unicode char U+00E9 (decimal 233)
   defining Unicode char U+00EA (decimal 234)
   defining Unicode char U+00EB (decimal 235)
   defining Unicode char U+00EC (decimal 236)
   defining Unicode char U+00ED (decimal 237)
   defining Unicode char U+00EE (decimal 238)
   defining Unicode char U+00EF (decimal 239)
   defining Unicode char U+00F0 (decimal 240)
   defining Unicode char U+00F1 (decimal 241)
   defining Unicode char U+00F2 (decimal 242)
   defining Unicode char U+00F3 (decimal 243)
   defining Unicode char U+00F4 (decimal 244)
   defining Unicode char U+00F5 (decimal 245)
   defining Unicode char U+00F6 (decimal 246)
   defining Unicode char U+00F8 (decimal 248)
   defining Unicode char U+00F9 (decimal 249)
   defining Unicode char U+00FA (decimal 250)
   defining Unicode char U+00FB (decimal 251)
   defining Unicode char U+00FC (decimal 252)
   defining Unicode char U+00FD (decimal 253)
   defining Unicode char U+00FE (decimal 254)
   defining Unicode char U+00FF (decimal 255)
   defining Unicode char U+0102 (decimal 258)
   defining Unicode char U+0103 (decimal 259)
   defining Unicode char U+0104 (decimal 260)
   defining Unicode char U+0105 (decimal 261)
   defining Unicode char U+0106 (decimal 262)
   defining Unicode char U+0107 (decimal 263)
   defining Unicode char U+010C (decimal 268)
   defining Unicode char U+010D (decimal 269)
   defining Unicode char U+010E (decimal 270)
   defining Unicode char U+010F (decimal 271)
   defining Unicode char U+0110 (decimal 272)
   defining Unicode char U+0111 (decimal 273)
   defining Unicode char U+0118 (decimal 280)
   defining Unicode char U+0119 (decimal 281)
   defining Unicode char U+011A (decimal 282)
   defining Unicode char U+011B (decimal 283)
   defining Unicode char U+011E (decimal 286)
   defining Unicode char U+011F (decimal 287)
   defining Unicode char U+0130 (decimal 304)
   defining Unicode char U+0131 (decimal 305)
   defining Unicode char U+0132 (decimal 306)
   defining Unicode char U+0133 (decimal 307)
   defining Unicode char U+0139 (decimal 313)
   defining Unicode char U+013A (decimal 314)
   defining Unicode char U+013D (decimal 317)
   defining Unicode char U+013E (decimal 318)
   defining Unicode char U+0141 (decimal 321)
   defining Unicode char U+0142 (decimal 322)
   defining Unicode char U+0143 (decimal 323)
   defining Unicode char U+0144 (decimal 324)
   defining Unicode char U+0147 (decimal 327)
   defining Unicode char U+0148 (decimal 328)
   defining Unicode char U+014A (decimal 330)
   defining Unicode char U+014B (decimal 331)
   defining Unicode char U+0150 (decimal 336)
   defining Unicode char U+0151 (decimal 337)
   defining Unicode char U+0152 (decimal 338)
   defining Unicode char U+0153 (decimal 339)
   defining Unicode char U+0154 (decimal 340)
   defining Unicode char U+0155 (decimal 341)
   defining Unicode char U+0158 (decimal 344)
   defining Unicode char U+0159 (decimal 345)
   defining Unicode char U+015A (decimal 346)
   defining Unicode char U+015B (decimal 347)
   defining Unicode char U+015E (decimal 350)
   defining Unicode char U+015F (decimal 351)
   defining Unicode char U+0160 (decimal 352)
   defining Unicode char U+0161 (decimal 353)
   defining Unicode char U+0162 (decimal 354)
   defining Unicode char U+0163 (decimal 355)
   defining Unicode char U+0164 (decimal 356)
   defining Unicode char U+0165 (decimal 357)
   defining Unicode char U+016E (decimal 366)
   defining Unicode char U+016F (decimal 367)
   defining Unicode char U+0170 (decimal 368)
   defining Unicode char U+0171 (decimal 369)
   defining Unicode char U+0178 (decimal 376)
   defining Unicode char U+0179 (decimal 377)
   defining Unicode char U+017A (decimal 378)
   defining Unicode char U+017B (decimal 379)
   defining Unicode char U+017C (decimal 380)
   defining Unicode char U+017D (decimal 381)
   defining Unicode char U+017E (decimal 382)
   defining Unicode char U+200C (decimal 8204)
   defining Unicode char U+2013 (decimal 8211)
   defining Unicode char U+2014 (decimal 8212)
   defining Unicode char U+2018 (decimal 8216)
   defining Unicode char U+2019 (decimal 8217)
   defining Unicode char U+201A (decimal 8218)
   defining Unicode char U+201C (decimal 8220)
   defining Unicode char U+201D (decimal 8221)
   defining Unicode char U+201E (decimal 8222)
   defining Unicode char U+2030 (decimal 8240)
   defining Unicode char U+2031 (decimal 8241)
   defining Unicode char U+2039 (decimal 8249)
   defining Unicode char U+203A (decimal 8250)
   defining Unicode char U+2423 (decimal 9251)
)
Now handling font encoding OT1 ...
... processing UTF-8 mapping file for font encoding OT1

(/usr/share/texlive/texmf-dist/tex/latex/base/ot1enc.dfu
File: ot1enc.dfu 2008/04/05 v1.1m UTF-8 support for inputenc
   defining Unicode char U+00A1 (decimal 161)
   defining Unicode char U+00A3 (decimal 163)
   defining Unicode char U+00B8 (decimal 184)
   defining Unicode char U+00BF (decimal 191)
   defining Unicode char U+00C5 (decimal 197)
   defining Unicode char U+00C6 (decimal 198)
   defining Unicode char U+00D8 (decimal 216)
   defining Unicode char U+00DF (decimal 223)
   defining Unicode char U+00E6 (decimal 230)
   defining Unicode char U+00EC (decimal 236)
   defining Unicode char U+00ED (decimal 237)
   defining Unicode char U+00EE (decimal 238)
   defining Unicode char U+00EF (decimal 239)
   defining Unicode char U+00F8 (decimal 248)
   defining Unicode char U+0131 (decimal 305)
   defining Unicode char U+0141 (decimal 321)
   defining Unicode char U+0142 (decimal 322)
   defining Unicode char U+0152 (decimal 338)
   defining Unicode char U+0153 (decimal 339)
   defining Unicode char U+2013 (decimal 8211)
   defining Unicode char U+2014 (decimal 8212)
   defining Unicode char U+2018 (decimal 8216)
   defining Unicode char U+2019 (decimal 8217)
   defining Unicode char U+201C (decimal 8220)
   defining Unicode char U+201D (decimal 8221)
)
Now handling font encoding OMS ...
... processing UTF-8 mapping file for font encoding OMS

(/usr/share/texlive/texmf-dist/tex/latex/base/omsenc.dfu
File: omsenc.dfu 2008/04/05 v1.1m UTF-8 support for inputenc
   defining Unicode char U+00A7 (decimal 167)
   defining Unicode char U+00B6 (decimal 182)
   defining Unicode char U+00B7 (decimal 183)
   defining Unicode char U+2020 (decimal 8224)
   defining Unicode char U+2021 (decimal 8225)
   defining Unicode char U+2022 (decimal 8226)
)
Now handling font encoding OMX ...
... no UTF-8 mapping file for font encoding OMX
Now handling font encoding U ...
... no UTF-8 mapping file for font encoding U
   defining Unicode char U+00A9 (decimal 169)
   defining Unicode char U+00AA (decimal 170)
   defining Unicode char U+00AE (decimal 174)
   defining Unicode char U+00BA (decimal 186)
   defining Unicode char U+02C6 (decimal 710)
   defining Unicode char U+02DC (decimal 732)
   defining Unicode char U+200C (decimal 8204)
   defining Unicode char U+2026 (decimal 8230)
   defining Unicode char U+2122 (decimal 8482)
   defining Unicode char U+2423 (decimal 9251)
))
(/usr/share/texlive/texmf-dist/tex/latex/base/fontenc.sty
Package: fontenc 2005/09/27 v1.99g Standard LaTeX package

(/usr/share/texlive/texmf-dist/tex/latex/base/t1enc.def
File: t1enc.def 2005/09/27 v1.99g Standard LaTeX file
LaTeX Font Info:    Redeclaring font encoding T1 on input line 43.
))
(/usr/share/texlive/texmf-dist/tex/latex/amsmath/amsmath.sty
Package: amsmath 2013/01/14 v2.14 AMS math features
\@mathmargin=\skip43

For additional information on amsmath, use the `?' option.
(/usr/share/texlive/texmf-dist/tex/latex/amsmath/amstext.sty
Package: amstext 2000/06/29 v2.01

(/usr/share/texlive/texmf-dist/tex/latex/amsmath/amsgen.sty
File: amsgen.sty 1999/11/30 v2.0
\@emptytoks=\toks16
\ex@=\dimen103
))
(/usr/share/texlive/texmf-dist/tex/latex/amsmath/amsbsy.sty
Package: amsbsy 1999/11/29 v1.2d
\pmbraise@=\dimen104
)
(/usr/share/texlive/texmf-dist/tex/latex/amsmath/amsopn.sty
Package: amsopn 1999/12/14 v2.01 operator names
)
\inf@bad=\count87
LaTeX Info: Redefining \frac on input line 210.
\uproot@=\count88
\leftroot@=\count89
LaTeX Info: Redefining \overline on input line 306.
\classnum@=\count90
\DOTSCASE@=\count91
LaTeX Info: Redefining \ldots on input line 378.
LaTeX Info: Redefining \dots on input line 381.
LaTeX Info: Redefining \cdots on input line 466.
\Mathstrutbox@=\box26
\strutbox@=\box27
\big@size=\dimen105
LaTeX Font Info:    Redeclaring font encoding OML on input line 566.
LaTeX Font Info:    Redeclaring font encoding OMS on input line 567.
\macc@depth=\count92
\c@MaxMatrixCols=\count93
\dotsspace@=\muskip10
\c@parentequation=\count94
\dspbrk@lvl=\count95
\tag@help=\toks17
\row@=\count96
\column@=\count97
\maxfields@=\count98
\andhelp@=\toks18
\eqnshift@=\dimen106
\alignsep@=\dimen107
\tagshift@=\dimen108
\tagwidth@=\dimen109
\totwidth@=\dimen110
\lineht@=\dimen111
\@envbody=\toks19
\multlinegap=\skip44
\multlinetaggap=\skip45
\mathdisplay@stack=\toks20
LaTeX Info: Redefining \[ on input line 2665.
LaTeX Info: Redefining \] on input line 2666.
)
(/usr/share/texlive/texmf-dist/tex/latex/commath/commath.sty
(/usr/share/texlive/texmf-dist/tex/latex/base/ifthen.sty
Package: ifthen 2001/05/26 v1.1c Standard LaTeX ifthen package (DPC)
))
(/usr/share/texlive/texmf-dist/tex/latex/base/textcomp.sty
Package: textcomp 2005/09/27 v1.99g Standard LaTeX package
Package textcomp Info: Sub-encoding information:
(textcomp)               5 = only ISO-Adobe without \textcurrency
(textcomp)               4 = 5 + \texteuro
(textcomp)               3 = 4 + \textohm
(textcomp)               2 = 3 + \textestimated + \textcurrency
(textcomp)               1 = TS1 - \textcircled - \t
(textcomp)               0 = TS1 (full)
(textcomp)             Font families with sub-encoding setting implement
(textcomp)             only a restricted character set as indicated.
(textcomp)             Family '?' is the default used for unknown fonts.
(textcomp)             See the documentation for details.
Package textcomp Info: Setting ? sub-encoding to TS1/1 on input line 71.

(/usr/share/texlive/texmf-dist/tex/latex/base/ts1enc.def
File: ts1enc.def 2001/06/05 v3.0e (jk/car/fm) Standard LaTeX file
Now handling font encoding TS1 ...
... processing UTF-8 mapping file for font encoding TS1

(/usr/share/texlive/texmf-dist/tex/latex/base/ts1enc.dfu
File: ts1enc.dfu 2008/04/05 v1.1m UTF-8 support for inputenc
   defining Unicode char U+00A2 (decimal 162)
   defining Unicode char U+00A3 (decimal 163)
   defining Unicode char U+00A4 (decimal 164)
   defining Unicode char U+00A5 (decimal 165)
   defining Unicode char U+00A6 (decimal 166)
   defining Unicode char U+00A7 (decimal 167)
   defining Unicode char U+00A8 (decimal 168)
   defining Unicode char U+00A9 (decimal 169)
   defining Unicode char U+00AA (decimal 170)
   defining Unicode char U+00AC (decimal 172)
   defining Unicode char U+00AE (decimal 174)
   defining Unicode char U+00AF (decimal 175)
   defining Unicode char U+00B0 (decimal 176)
   defining Unicode char U+00B1 (decimal 177)
   defining Unicode char U+00B2 (decimal 178)
   defining Unicode char U+00B3 (decimal 179)
   defining Unicode char U+00B4 (decimal 180)
   defining Unicode char U+00B5 (decimal 181)
   defining Unicode char U+00B6 (decimal 182)
   defining Unicode char U+00B7 (decimal 183)
   defining Unicode char U+00B9 (decimal 185)
   defining Unicode char U+00BA (decimal 186)
   defining Unicode char U+00BC (decimal 188)
   defining Unicode char U+00BD (decimal 189)
   defining Unicode char U+00BE (decimal 190)
   defining Unicode char U+00D7 (decimal 215)
   defining Unicode char U+00F7 (decimal 247)
   defining Unicode char U+0192 (decimal 402)
   defining Unicode char U+02C7 (decimal 711)
   defining Unicode char U+02D8 (decimal 728)
   defining Unicode char U+02DD (decimal 733)
   defining Unicode char U+0E3F (decimal 3647)
   defining Unicode char U+2016 (decimal 8214)
   defining Unicode char U+2020 (decimal 8224)
   defining Unicode char U+2021 (decimal 8225)
   defining Unicode char U+2022 (decimal 8226)
   defining Unicode char U+2030 (decimal 8240)
   defining Unicode char U+2031 (decimal 8241)
   defining Unicode char U+203B (decimal 8251)
   defining Unicode char U+203D (decimal 8253)
   defining Unicode char U+2044 (decimal 8260)
   defining Unicode char U+204E (decimal 8270)
   defining Unicode char U+2052 (decimal 8274)
   defining Unicode char U+20A1 (decimal 8353)
   defining Unicode char U+20A4 (decimal 8356)
   defining Unicode char U+20A6 (decimal 8358)
   defining Unicode char U+20A9 (decimal 8361)
   defining Unicode char U+20AB (decimal 8363)
   defining Unicode char U+20AC (decimal 8364)
   defining Unicode char U+20B1 (decimal 8369)
   defining Unicode char U+2103 (decimal 8451)
   defining Unicode char U+2116 (decimal 8470)
   defining Unicode char U+2117 (decimal 8471)
   defining Unicode char U+211E (decimal 8478)
   defining Unicode char U+2120 (decimal 8480)
   defining Unicode char U+2122 (decimal 8482)
   defining Unicode char U+2126 (decimal 8486)
   defining Unicode char U+2127 (decimal 8487)
   defining Unicode char U+212E (decimal 8494)
   defining Unicode char U+2190 (decimal 8592)
   defining Unicode char U+2191 (decimal 8593)
   defining Unicode char U+2192 (decimal 8594)
   defining Unicode char U+2193 (decimal 8595)
   defining Unicode char U+2329 (decimal 9001)
   defining Unicode char U+232A (decimal 9002)
   defining Unicode char U+2422 (decimal 9250)
   defining Unicode char U+25E6 (decimal 9702)
   defining Unicode char U+25EF (decimal 9711)
   defining Unicode char U+266A (decimal 9834)
))
LaTeX Info: Redefining \oldstylenums on input line 266.
Package textcomp Info: Setting cmr sub-encoding to TS1/0 on input line 281.
Package textcomp Info: Setting cmss sub-encoding to TS1/0 on input line 282.
Package textcomp Info: Setting cmtt sub-encoding to TS1/0 on input line 283.
Package textcomp Info: Setting cmvtt sub-encoding to TS1/0 on input line 284.
Package textcomp Info: Setting cmbr sub-encoding to TS1/0 on input line 285.
Package textcomp Info: Setting cmtl sub-encoding to TS1/0 on input line 286.
Package textcomp Info: Setting ccr sub-encoding to TS1/0 on input line 287.
Package textcomp Info: Setting ptm sub-encoding to TS1/4 on input line 288.
Package textcomp Info: Setting pcr sub-encoding to TS1/4 on input line 289.
Package textcomp Info: Setting phv sub-encoding to TS1/4 on input line 290.
Package textcomp Info: Setting ppl sub-encoding to TS1/3 on input line 291.
Package textcomp Info: Setting pag sub-encoding to TS1/4 on input line 292.
Package textcomp Info: Setting pbk sub-encoding to TS1/4 on input line 293.
Package textcomp Info: Setting pnc sub-encoding to TS1/4 on input line 294.
Package textcomp Info: Setting pzc sub-encoding to TS1/4 on input line 295.
Package textcomp Info: Setting bch sub-encoding to TS1/4 on input line 296.
Package textcomp Info: Setting put sub-encoding to TS1/5 on input line 297.
Package textcomp Info: Setting uag sub-encoding to TS1/5 on input line 298.
Package textcomp Info: Setting ugq sub-encoding to TS1/5 on input line 299.
Package textcomp Info: Setting ul8 sub-encoding to TS1/4 on input line 300.
Package textcomp Info: Setting ul9 sub-encoding to TS1/4 on input line 301.
Package textcomp Info: Setting augie sub-encoding to TS1/5 on input line 302.
Package textcomp Info: Setting dayrom sub-encoding to TS1/3 on input line 303.
Package textcomp Info: Setting dayroms sub-encoding to TS1/3 on input line 304.

Package textcomp Info: Setting pxr sub-encoding to TS1/0 on input line 305.
Package textcomp Info: Setting pxss sub-encoding to TS1/0 on input line 306.
Package textcomp Info: Setting pxtt sub-encoding to TS1/0 on input line 307.
Package textcomp Info: Setting txr sub-encoding to TS1/0 on input line 308.
Package textcomp Info: Setting txss sub-encoding to TS1/0 on input line 309.
Package textcomp Info: Setting txtt sub-encoding to TS1/0 on input line 310.
Package textcomp Info: Setting lmr sub-encoding to TS1/0 on input line 311.
Package textcomp Info: Setting lmdh sub-encoding to TS1/0 on input line 312.
Package textcomp Info: Setting lmss sub-encoding to TS1/0 on input line 313.
Package textcomp Info: Setting lmssq sub-encoding to TS1/0 on input line 314.
Package textcomp Info: Setting lmvtt sub-encoding to TS1/0 on input line 315.
Package textcomp Info: Setting qhv sub-encoding to TS1/0 on input line 316.
Package textcomp Info: Setting qag sub-encoding to TS1/0 on input line 317.
Package textcomp Info: Setting qbk sub-encoding to TS1/0 on input line 318.
Package textcomp Info: Setting qcr sub-encoding to TS1/0 on input line 319.
Package textcomp Info: Setting qcs sub-encoding to TS1/0 on input line 320.
Package textcomp Info: Setting qpl sub-encoding to TS1/0 on input line 321.
Package textcomp Info: Setting qtm sub-encoding to TS1/0 on input line 322.
Package textcomp Info: Setting qzc sub-encoding to TS1/0 on input line 323.
Package textcomp Info: Setting qhvc sub-encoding to TS1/0 on input line 324.
Package textcomp Info: Setting futs sub-encoding to TS1/4 on input line 325.
Package textcomp Info: Setting futx sub-encoding to TS1/4 on input line 326.
Package textcomp Info: Setting futj sub-encoding to TS1/4 on input line 327.
Package textcomp Info: Setting hlh sub-encoding to TS1/3 on input line 328.
Package textcomp Info: Setting hls sub-encoding to TS1/3 on input line 329.
Package textcomp Info: Setting hlst sub-encoding to TS1/3 on input line 330.
Package textcomp Info: Setting hlct sub-encoding to TS1/5 on input line 331.
Package textcomp Info: Setting hlx sub-encoding to TS1/5 on input line 332.
Package textcomp Info: Setting hlce sub-encoding to TS1/5 on input line 333.
Package textcomp Info: Setting hlcn sub-encoding to TS1/5 on input line 334.
Package textcomp Info: Setting hlcw sub-encoding to TS1/5 on input line 335.
Package textcomp Info: Setting hlcf sub-encoding to TS1/5 on input line 336.
Package textcomp Info: Setting pplx sub-encoding to TS1/3 on input line 337.
Package textcomp Info: Setting pplj sub-encoding to TS1/3 on input line 338.
Package textcomp Info: Setting ptmx sub-encoding to TS1/4 on input line 339.
Package textcomp Info: Setting ptmj sub-encoding to TS1/4 on input line 340.
)
(/usr/share/texlive/texmf-dist/tex/latex/SIunits/SIunits.sty
Package: SIunits 2007/12/02 v1.36 Support for the International System of units
 (MH)


\@qskwidth=\skip46
LaTeX Font Info:    Redeclaring font encoding TS1 on input line 46.
\symgreek=\mathgroup4
(/usr/share/texlive/texmf-dist/tex/latex/SIunits/SIunits.cfg)
LaTeX Info: Redefining \usk on input line 576.

Option `thinspace' provided!
LaTeX Info: Redefining \@qsk on input line 576.
Option `thinqspace' provided!
Option `squaren' provided!
) (/usr/share/texlive/texmf-local/tex/latex/MinionPro/MinionPro.sty
Package: MinionPro 2007/03/15 v2.1 MinionPro support for LaTeX

(/usr/share/texlive/texmf-local/tex/latex/MinionPro/MinionPro-FontDef.sty
File: MinionPro-FontDef.sty 2007/02/01 v2.2 font definition macros

(/usr/share/texlive/texmf-local/tex/latex/MinionPro/otfontdef.sty
Package: otfontdef 2005/06/04 v0.1e OpenType font definition

(/usr/share/texlive/texmf-dist/tex/latex/graphics/keyval.sty
Package: keyval 1999/03/16 v1.13 key=value parser (DPC)
\KV@toks@=\toks21
))
\Mn@option@normalsize=\dimen112
Package MinionPro-FontDef Info: Configuration: smallfamily, noopticals, normals
ize=10.95pt on input line 52.
\Mn@config@cnt=\count99
\Mn@fontdimen=\dimen113
)
(/usr/share/texlive/texmf-dist/tex/latex/mnsymbol/MnSymbol.sty
Package: MnSymbol 2007/01/21 v1.4 support for the MnSymbol font

(/usr/share/texlive/texmf-dist/tex/latex/amsfonts/eufrak.sty
Package: eufrak 2009/06/22 v3.00 Euler Fraktur fonts
LaTeX Font Info:    Overwriting math alphabet `\EuFrak' in version `bold'
(Font)                  U/euf/m/n --> U/euf/b/n on input line 39.
)
LaTeX Info: Redefining \dagger on input line 84.
LaTeX Info: Redefining \ddagger on input line 84.
LaTeX Info: Redefining \mathparagraph on input line 84.
LaTeX Info: Redefining \mathsection on input line 84.
LaTeX Info: Redefining \mathdollar on input line 84.
LaTeX Info: Redefining \mathsterling on input line 84.
LaTeX Info: Redefining \Re on input line 84.
LaTeX Info: Redefining \Im on input line 84.
\symMnSyA=\mathgroup5
\symMnSyB=\mathgroup6
\symMnSyC=\mathgroup7
\symMnSyD=\mathgroup8
LaTeX Font Info:    Redeclaring symbol font `largesymbols' on input line 119.
LaTeX Font Info:    Overwriting symbol font `largesymbols' in version `normal'
(Font)                  OMX/cmex/m/n --> OMX/MnSymbolE/m/n on input line 119.
LaTeX Font Info:    Overwriting symbol font `largesymbols' in version `bold'
(Font)                  OMX/cmex/m/n --> OMX/MnSymbolE/m/n on input line 119.
LaTeX Font Info:    Redeclaring symbol font `symbols' on input line 120.
LaTeX Font Info:    Encoding `OMS' has changed to `U' for symbol font
(Font)              `symbols' in the math version `normal' on input line 120.
LaTeX Font Info:    Overwriting symbol font `symbols' in version `normal'
(Font)                  OMS/cmsy/m/n --> U/MnSymbolF/m/n on input line 120.
LaTeX Font Info:    Encoding `OMS' has changed to `U' for symbol font
(Font)              `symbols' in the math version `bold' on input line 120.
LaTeX Font Info:    Overwriting symbol font `symbols' in version `bold'
(Font)                  OMS/cmsy/b/n --> U/MnSymbolF/m/n on input line 120.
LaTeX Font Info:    Overwriting symbol font `MnSyA' in version `bold'
(Font)                  U/MnSymbolA/m/n --> U/MnSymbolA/b/n on input line 121.
LaTeX Font Info:    Overwriting symbol font `MnSyB' in version `bold'
(Font)                  U/MnSymbolB/m/n --> U/MnSymbolB/b/n on input line 122.
LaTeX Font Info:    Overwriting symbol font `MnSyC' in version `bold'
(Font)                  U/MnSymbolC/m/n --> U/MnSymbolC/b/n on input line 123.
LaTeX Font Info:    Overwriting symbol font `MnSyD' in version `bold'
(Font)                  U/MnSymbolD/m/n --> U/MnSymbolD/b/n on input line 124.
LaTeX Font Info:    Overwriting symbol font `largesymbols' in version `bold'
(Font)                  OMX/MnSymbolE/m/n --> OMX/MnSymbolE/b/n on input line 1
25.
LaTeX Font Info:    Overwriting symbol font `symbols' in version `bold'
(Font)                  U/MnSymbolF/m/n --> U/MnSymbolF/b/n on input line 126.
LaTeX Font Info:    Redeclaring math alphabet \mathcal on input line 241.
LaTeX Font Info:    Overwriting math alphabet `\mathcal' in version `bold'
(Font)                  OMS/MnSymbolS/m/n --> OMS/MnSymbolS/b/n on input line 2
41.
LaTeX Info: Redefining \longrightarrow on input line 548.
LaTeX Info: Redefining \longleftarrow on input line 549.
LaTeX Info: Redefining \longleftrightarrow on input line 550.
LaTeX Info: Redefining \Longrightarrow on input line 551.
LaTeX Info: Redefining \Longleftarrow on input line 552.
LaTeX Info: Redefining \Longleftrightarrow on input line 553.
LaTeX Info: Redefining \longmapsto on input line 554.
LaTeX Info: Redefining \vdots on input line 868.
LaTeX Font Info:    Redeclaring math symbol \braceld on input line 1721.
LaTeX Font Info:    Redeclaring math symbol \bracelu on input line 1722.
LaTeX Font Info:    Redeclaring math symbol \bracerd on input line 1723.
LaTeX Font Info:    Redeclaring math symbol \braceru on input line 1724.
LaTeX Info: Redefining \downbracefill on input line 1799.
LaTeX Info: Redefining \upbracefill on input line 1800.
LaTeX Info: Redefining \overbrace on input line 1819.
LaTeX Info: Redefining \underbrace on input line 1820.
LaTeX Info: Redefining \surd on input line 1843.
LaTeX Font Info:    Redeclaring math accent \widehat on input line 1845.
LaTeX Font Info:    Redeclaring math accent \widetilde on input line 1846.
LaTeX Font Info:    Redeclaring math accent \vec on input line 1848.
)
LaTeX Font Info:    Redeclaring symbol font `operators' on input line 163.
LaTeX Font Info:    Encoding `OT1' has changed to `T1' for symbol font
(Font)              `operators' in the math version `normal' on input line 163.

LaTeX Font Info:    Overwriting symbol font `operators' in version `normal'
(Font)                  OT1/cmr/m/n --> T1/MinionPro-LF/m/n on input line 163.
LaTeX Font Info:    Encoding `OT1' has changed to `T1' for symbol font
(Font)              `operators' in the math version `bold' on input line 163.
LaTeX Font Info:    Overwriting symbol font `operators' in version `bold'
(Font)                  OT1/cmr/bx/n --> T1/MinionPro-LF/m/n on input line 163.

LaTeX Font Info:    Redeclaring symbol font `letters' on input line 164.
LaTeX Font Info:    Overwriting symbol font `letters' in version `normal'
(Font)                  OML/cmm/m/it --> OML/MinionPro-TOsF/m/it on input line 
164.
LaTeX Font Info:    Overwriting symbol font `letters' in version `bold'
(Font)                  OML/cmm/b/it --> OML/MinionPro-TOsF/m/it on input line 
164.
LaTeX Font Info:    Overwriting symbol font `operators' in version `bold'
(Font)                  T1/MinionPro-LF/m/n --> T1/MinionPro-LF/eb/n on input l
ine 165.
LaTeX Font Info:    Overwriting symbol font `letters' in version `bold'
(Font)                  OML/MinionPro-TOsF/m/it --> OML/MinionPro-TOsF/eb/it on
 input line 166.
LaTeX Font Info:    Redeclaring math alphabet \mathbf on input line 167.
LaTeX Font Info:    Overwriting math alphabet `\mathbf' in version `normal'
(Font)                  OT1/cmr/bx/n --> T1/MinionPro-LF/eb/n on input line 167
.
LaTeX Font Info:    Overwriting math alphabet `\mathbf' in version `bold'
(Font)                  OT1/cmr/bx/n --> T1/MinionPro-LF/eb/n on input line 167
.
LaTeX Font Info:    Redeclaring math alphabet \mathit on input line 168.
LaTeX Font Info:    Overwriting math alphabet `\mathit' in version `normal'
(Font)                  OT1/cmr/m/it --> T1/MinionPro-LF/m/it on input line 168
.
LaTeX Font Info:    Overwriting math alphabet `\mathit' in version `bold'
(Font)                  OT1/cmr/bx/it --> T1/MinionPro-LF/m/it on input line 16
8.
LaTeX Font Info:    Overwriting math alphabet `\mathit' in version `bold'
(Font)                  T1/MinionPro-LF/m/it --> T1/MinionPro-LF/eb/it on input
 line 169.
\c@mv@tabular=\count100
LaTeX Font Info:    Overwriting symbol font `operators' in version `tabular'
(Font)                  T1/MinionPro-LF/m/n --> T1/MinionPro-TLF/m/n on input l
ine 171.
LaTeX Font Info:    Overwriting symbol font `letters' in version `tabular'
(Font)                  OML/MinionPro-TOsF/m/it --> OML/MinionPro-TOsF/m/it on 
input line 172.
LaTeX Font Info:    Overwriting math alphabet `\mathit' in version `tabular'
(Font)                  OT1/cmr/m/it --> T1/MinionPro-TLF/m/it on input line 17
3.
\c@mv@boldtabular=\count101
LaTeX Font Info:    Overwriting symbol font `operators' in version `boldtabular
'
(Font)                  T1/MinionPro-LF/m/n --> T1/MinionPro-TLF/eb/n on input 
line 176.
LaTeX Font Info:    Overwriting symbol font `letters' in version `boldtabular'
(Font)                  OML/MinionPro-TOsF/m/it --> OML/MinionPro-TOsF/eb/it on
 input line 177.
LaTeX Font Info:    Overwriting math alphabet `\mathit' in version `boldtabular
'
(Font)                  OT1/cmr/m/it --> T1/MinionPro-TLF/eb/it on input line 1
78.
LaTeX Font Info:    Redeclaring math accent \grave on input line 179.
LaTeX Font Info:    Redeclaring math accent \acute on input line 180.
LaTeX Font Info:    Redeclaring math accent \hat on input line 181.
LaTeX Font Info:    Redeclaring math accent \tilde on input line 182.
LaTeX Font Info:    Redeclaring math accent \ddot on input line 183.
LaTeX Font Info:    Redeclaring math accent \mathring on input line 184.
LaTeX Font Info:    Redeclaring math accent \check on input line 185.
LaTeX Font Info:    Redeclaring math accent \breve on input line 186.
LaTeX Font Info:    Redeclaring math accent \bar on input line 187.
LaTeX Font Info:    Redeclaring math accent \dot on input line 188.

(/usr/share/texlive/texmf-local/tex/latex/MinionPro/fontaxes.sty
Package: fontaxes 2007/03/31 v0.2b Font selection axes
LaTeX Info: Redefining \upshape on input line 26.
LaTeX Info: Redefining \itshape on input line 28.
LaTeX Info: Redefining \slshape on input line 30.
LaTeX Info: Redefining \scshape on input line 34.
)
LaTeX Font Info:    Redeclaring math symbol \upmu on input line 233.
LaTeX Font Info:    Redeclaring math symbol \partial on input line 499.
LaTeX Font Info:    Redeclaring math symbol \ell on input line 501.
Package textcomp Info: Setting MinionPro-LF sub-encoding to TS1/1 on input line
 521.
Package textcomp Info: Setting MinionPro-TLF sub-encoding to TS1/1 on input lin
e 522.
Package textcomp Info: Setting MinionPro-OsF sub-encoding to TS1/1 on input lin
e 523.
Package textcomp Info: Setting MinionPro-TOsF sub-encoding to TS1/1 on input li
ne 524.
LaTeX Font Info:    Redeclaring symbol font `symbols' on input line 589.
LaTeX Font Info:    Overwriting symbol font `symbols' in version `normal'
(Font)                  U/MnSymbolF/m/n --> U/MnSymbolFI/m/it on input line 589
.
LaTeX Font Info:    Overwriting symbol font `symbols' in version `bold'
(Font)                  U/MnSymbolF/b/n --> U/MnSymbolFI/m/it on input line 589
.
LaTeX Font Info:    Overwriting symbol font `symbols' in version `tabular'
(Font)                  U/MnSymbolF/m/n --> U/MnSymbolFI/m/it on input line 589
.
LaTeX Font Info:    Overwriting symbol font `symbols' in version `boldtabular'
(Font)                  U/MnSymbolF/m/n --> U/MnSymbolFI/m/it on input line 589
.
LaTeX Font Info:    Overwriting symbol font `symbols' in version `bold'
(Font)                  U/MnSymbolFI/m/it --> U/MnSymbolFI/b/it on input line 5
89.
LaTeX Font Info:    Redeclaring math symbol \tint on input line 589.
LaTeX Font Info:    Redeclaring math symbol \tiint on input line 589.
LaTeX Font Info:    Redeclaring math symbol \tiiint on input line 589.
LaTeX Font Info:    Redeclaring math symbol \tiiiint on input line 589.
LaTeX Font Info:    Redeclaring math symbol \tidotsint on input line 589.
LaTeX Font Info:    Redeclaring math symbol \tlandupint on input line 589.
LaTeX Font Info:    Redeclaring math symbol \tlanddownint on input line 589.
LaTeX Font Info:    Redeclaring math symbol \tstrokedint on input line 589.
LaTeX Font Info:    Redeclaring math symbol \toint on input line 589.
LaTeX Font Info:    Redeclaring math symbol \toiint on input line 589.
LaTeX Font Info:    Redeclaring math symbol \trcirclerightint on input line 589
.
LaTeX Font Info:    Redeclaring math symbol \tlcirclerightint on input line 589
.
LaTeX Font Info:    Redeclaring math symbol \trcircleleftint on input line 589.

LaTeX Font Info:    Redeclaring math symbol \tlcircleleftint on input line 589.

LaTeX Font Info:    Redeclaring math symbol \tsumint on input line 589.
LaTeX Info: Redefining \LaTeX on input line 596.
LaTeX Font Info:    Try loading font information for T1+MinionPro-LF on input l
ine 628.

(/usr/share/texlive/texmf-local/tex/latex/MinionPro/T1MinionPro-LF.fd
File: T1MinionPro-LF.fd 2005/01/23 v2.0 font definitions for T1/MinionPro-LF.

(/usr/share/texlive/texmf-local/tex/latex/MinionPro/MinionPro-FontDef.sty
File: MinionPro-FontDef.sty 2007/02/01 v2.2 font definition macros
)))
(/usr/share/texlive/texmf-local/tex/latex/MyriadPro/MyriadPro.sty
Package: MyriadPro 2013/04/20 v0.5 MyriadPro support for LaTeX

(/usr/share/texlive/texmf-dist/tex/latex/oberdiek/kvoptions.sty
Package: kvoptions 2011/06/30 v3.11 Key value format for package options (HO)

(/usr/share/texlive/texmf-dist/tex/generic/oberdiek/ltxcmds.sty
Package: ltxcmds 2011/11/09 v1.22 LaTeX kernel commands for general use (HO)
)
(/usr/share/texlive/texmf-dist/tex/generic/oberdiek/kvsetkeys.sty
Package: kvsetkeys 2012/04/25 v1.16 Key value parser (HO)

(/usr/share/texlive/texmf-dist/tex/generic/oberdiek/infwarerr.sty
Package: infwarerr 2010/04/08 v1.3 Providing info/warning/error messages (HO)
)
(/usr/share/texlive/texmf-dist/tex/generic/oberdiek/etexcmds.sty
Package: etexcmds 2011/02/16 v1.5 Avoid name clashes with e-TeX commands (HO)

(/usr/share/texlive/texmf-dist/tex/generic/oberdiek/ifluatex.sty
Package: ifluatex 2010/03/01 v1.3 Provides the ifluatex switch (HO)
Package ifluatex Info: LuaTeX not detected.
)
Package etexcmds Info: Could not find \expanded.
(etexcmds)             That can mean that you are not using pdfTeX 1.50 or
(etexcmds)             that some package has redefined \expanded.
(etexcmds)             In the latter case, load this package earlier.
)))
(/usr/share/texlive/texmf-dist/tex/generic/fltpoint/fltpoint.sty
Package: fltpoint 2004/11/12 v1.1b floating point arithmetic

(/usr/share/texlive/texmf-dist/tex/generic/fltpoint/fltpoint.tex
\fp@loopcount=\count102
\fp@loopcountii=\count103
\fp@result=\count104
\fp@carryover=\count105
\fp@tempcount=\count106
\fp@tempcountii=\count107
))
(/usr/share/texlive/texmf-local/tex/latex/MyriadPro/MyriadPro-FontDef.sty
File: MyriadPro-FontDef.sty 2012/02/17 v0.3 font definition macros
\My@option@normalsize=\dimen114
Package MyriadPro-FontDef Info: Configuration: medfamily, noopticals, normalsiz
e=10.95pt on input line 48.
\My@config@cnt=\count108
\My@fontdimen=\dimen115
)
(/usr/share/texlive/texmf-dist/tex/latex/mdsymbol/mdsymbol.sty
Package: mdsymbol 2012/11/18 v0.5 MdSymbol support package

(/usr/share/texlive/texmf-dist/tex/latex/xkeyval/xkeyval.sty
Package: xkeyval 2012/10/14 v2.6b package option processing (HA)

(/usr/share/texlive/texmf-dist/tex/generic/xkeyval/xkeyval.tex
\XKV@toks=\toks22
\XKV@tempa@toks=\toks23
\XKV@depth=\count109
File: xkeyval.tex 2012/10/14 v2.6b key=value parser (HA)
))
\c@mv@sans=\count110
\c@mv@sansbold=\count111
\c@mv@sanstabular=\count112
\c@mv@sansboldtabular=\count113

(/usr/share/texlive/texmf-dist/tex/latex/etoolbox/etoolbox.sty
Package: etoolbox 2011/01/03 v2.1 e-TeX tools for LaTeX

(/usr/share/texlive/texmf-dist/tex/latex/etex-pkg/etex.sty
Package: etex 1998/03/26 v2.0 eTeX basic definition package (PEB)
\et@xins=\count114
)
\etb@tempcnta=\count115
)
LaTeX Font Info:    Overwriting symbol font `symbols' in version `sans'
(Font)                  U/MnSymbolFI/m/it --> U/MdSymbolA/m/n on input line 404
.
LaTeX Font Info:    Overwriting symbol font `symbols' in version `sanstabular'
(Font)                  U/MnSymbolFI/m/it --> U/MdSymbolA/m/n on input line 404
.
LaTeX Font Info:    Overwriting symbol font `symbols' in version `sansbold'
(Font)                  U/MnSymbolFI/m/it --> U/MdSymbolA/b/n on input line 404
.
LaTeX Font Info:    Overwriting symbol font `symbols' in version `sansboldtabul
ar'
(Font)                  U/MnSymbolFI/m/it --> U/MdSymbolA/b/n on input line 404
.
\symrelations=\mathgroup9
LaTeX Font Info:    Overwriting symbol font `relations' in version `sansbold'
(Font)                  U/MdSymbolB/m/n --> U/MdSymbolB/b/n on input line 405.
LaTeX Font Info:    Overwriting symbol font `relations' in version `sansboldtab
ular'
(Font)                  U/MdSymbolB/m/n --> U/MdSymbolB/b/n on input line 405.
\symarrows=\mathgroup10
LaTeX Font Info:    Overwriting symbol font `arrows' in version `sansbold'
(Font)                  U/MdSymbolC/m/n --> U/MdSymbolC/b/n on input line 406.
LaTeX Font Info:    Overwriting symbol font `arrows' in version `sansboldtabula
r'
(Font)                  U/MdSymbolC/m/n --> U/MdSymbolC/b/n on input line 406.
\symnarrows=\mathgroup11
LaTeX Font Info:    Overwriting symbol font `narrows' in version `sansbold'
(Font)                  U/MdSymbolD/m/n --> U/MdSymbolD/b/n on input line 407.
LaTeX Font Info:    Overwriting symbol font `narrows' in version `sansboldtabul
ar'
(Font)                  U/MdSymbolD/m/n --> U/MdSymbolD/b/n on input line 407.
LaTeX Font Info:    Encoding `OMX' has changed to `U' for symbol font
(Font)              `largesymbols' in the math version `sans' on input line 408
.
LaTeX Font Info:    Overwriting symbol font `largesymbols' in version `sans'
(Font)                  OMX/MnSymbolE/m/n --> U/MdSymbolE/m/n on input line 408
.
LaTeX Font Info:    Encoding `OMX' has changed to `U' for symbol font
(Font)              `largesymbols' in the math version `sanstabular' on input l
ine 408.
LaTeX Font Info:    Overwriting symbol font `largesymbols' in version `sanstabu
lar'
(Font)                  OMX/MnSymbolE/m/n --> U/MdSymbolE/m/n on input line 408
.
LaTeX Font Info:    Encoding `OMX' has changed to `U' for symbol font
(Font)              `largesymbols' in the math version `sansbold' on input line
 408.
LaTeX Font Info:    Overwriting symbol font `largesymbols' in version `sansbold
'
(Font)                  OMX/MnSymbolE/m/n --> U/MdSymbolE/b/n on input line 408
.
LaTeX Font Info:    Encoding `OMX' has changed to `U' for symbol font
(Font)              `largesymbols' in the math version `sansboldtabular' on inp
ut line 408.
LaTeX Font Info:    Overwriting symbol font `largesymbols' in version `sansbold
tabular'
(Font)                  OMX/MnSymbolE/m/n --> U/MdSymbolE/b/n on input line 408
.
\symdelimiters=\mathgroup12
LaTeX Font Info:    Overwriting symbol font `delimiters' in version `sansbold'
(Font)                  U/MdSymbolF/m/n --> U/MdSymbolF/b/n on input line 409.
LaTeX Font Info:    Overwriting symbol font `delimiters' in version `sansboldta
bular'
(Font)                  U/MdSymbolF/m/n --> U/MdSymbolF/b/n on input line 409.

(/usr/share/texlive/texmf-dist/tex/latex/tools/calc.sty
Package: calc 2007/08/22 v4.3 Infix arithmetic (KKT,FJ)
\calc@Acount=\count116
\calc@Bcount=\count117
\calc@Adimen=\dimen116
\calc@Bdimen=\dimen117
\calc@Askip=\skip47
\calc@Bskip=\skip48
LaTeX Info: Redefining \setlength on input line 76.
LaTeX Info: Redefining \addtolength on input line 77.
\calc@Ccount=\count118
\calc@Cskip=\skip49
)
\overliningbox=\box28
)
LaTeX Font Info:    Redeclaring math alphabet \mathsf on input line 372.
LaTeX Font Info:    Overwriting math alphabet `\mathsf' in version `normal'
(Font)                  OT1/cmss/m/n --> T1/MyriadPro-LF/m/n on input line 372.

LaTeX Font Info:    Overwriting math alphabet `\mathsf' in version `bold'
(Font)                  OT1/cmss/bx/n --> T1/MyriadPro-LF/m/n on input line 372
.
LaTeX Font Info:    Overwriting math alphabet `\mathsf' in version `tabular'
(Font)                  OT1/cmss/m/n --> T1/MyriadPro-LF/m/n on input line 372.

LaTeX Font Info:    Overwriting math alphabet `\mathsf' in version `boldtabular
'
(Font)                  OT1/cmss/m/n --> T1/MyriadPro-LF/m/n on input line 372.

LaTeX Font Info:    Overwriting math alphabet `\mathsf' in version `sans'
(Font)                  OT1/cmss/m/n --> T1/MyriadPro-LF/m/n on input line 372.

LaTeX Font Info:    Overwriting math alphabet `\mathsf' in version `sansbold'
(Font)                  OT1/cmss/m/n --> T1/MyriadPro-LF/m/n on input line 372.

LaTeX Font Info:    Overwriting math alphabet `\mathsf' in version `sanstabular
'
(Font)                  OT1/cmss/m/n --> T1/MyriadPro-LF/m/n on input line 372.

LaTeX Font Info:    Overwriting math alphabet `\mathsf' in version `sansboldtab
ular'
(Font)                  OT1/cmss/m/n --> T1/MyriadPro-LF/m/n on input line 372.

LaTeX Font Info:    Overwriting math alphabet `\mathsf' in version `bold'
(Font)                  T1/MyriadPro-LF/m/n --> T1/MyriadPro-LF/b/n on input li
ne 373.
LaTeX Font Info:    Overwriting math alphabet `\mathsf' in version `sansbold'
(Font)                  T1/MyriadPro-LF/m/n --> T1/MyriadPro-LF/b/n on input li
ne 374.
LaTeX Font Info:    Overwriting math alphabet `\mathsf' in version `sanstabular
'
(Font)                  T1/MyriadPro-LF/m/n --> T1/MyriadPro-TLF/m/n on input l
ine 375.
LaTeX Font Info:    Overwriting math alphabet `\mathsf' in version `sansboldtab
ular'
(Font)                  T1/MyriadPro-LF/m/n --> T1/MyriadPro-TLF/b/n on input l
ine 376.
LaTeX Font Info:    Overwriting math alphabet `\mathit' in version `sans'
(Font)                  OT1/cmr/m/it --> T1/MyriadPro-LF/m/it on input line 378
.
LaTeX Font Info:    Overwriting math alphabet `\mathit' in version `sansbold'
(Font)                  OT1/cmr/m/it --> T1/MyriadPro-LF/b/it on input line 379
.
LaTeX Font Info:    Overwriting math alphabet `\mathit' in version `sanstabular
'
(Font)                  OT1/cmr/m/it --> T1/MyriadPro-TLF/m/it on input line 38
0.
LaTeX Font Info:    Overwriting math alphabet `\mathit' in version `sansboldtab
ular'
(Font)                  OT1/cmr/m/it --> T1/MyriadPro-TLF/b/it on input line 38
1.
LaTeX Font Info:    Overwriting math alphabet `\mathbf' in version `sans'
(Font)                  OT1/cmr/bx/n --> T1/MyriadPro-LF/b/n on input line 383.

LaTeX Font Info:    Overwriting math alphabet `\mathbf' in version `sanstabular
'
(Font)                  OT1/cmr/bx/n --> T1/MyriadPro-TLF/b/n on input line 384
.
LaTeX Font Info:    Overwriting symbol font `operators' in version `sans'
(Font)                  T1/MinionPro-LF/m/n --> T1/MyriadPro-LF/m/n on input li
ne 390.
LaTeX Font Info:    Overwriting symbol font `operators' in version `sansbold'
(Font)                  T1/MinionPro-LF/m/n --> T1/MyriadPro-LF/b/n on input li
ne 391.
LaTeX Font Info:    Overwriting symbol font `operators' in version `sanstabular
'
(Font)                  T1/MinionPro-LF/m/n --> T1/MyriadPro-TLF/m/n on input l
ine 392.
LaTeX Font Info:    Overwriting symbol font `operators' in version `sansboldtab
ular'
(Font)                  T1/MinionPro-LF/m/n --> T1/MyriadPro-TLF/b/n on input l
ine 393.
LaTeX Font Info:    Overwriting symbol font `letters' in version `sans'
(Font)                  OML/MinionPro-TOsF/m/it --> OML/MyriadPro-OsF/m/it on i
nput line 399.
LaTeX Font Info:    Overwriting symbol font `letters' in version `sansbold'
(Font)                  OML/MinionPro-TOsF/m/it --> OML/MyriadPro-OsF/b/it on i
nput line 400.
LaTeX Font Info:    Overwriting symbol font `letters' in version `sanstabular'
(Font)                  OML/MinionPro-TOsF/m/it --> OML/MyriadPro-TOsF/m/it on 
input line 401.
LaTeX Font Info:    Overwriting symbol font `letters' in version `sansboldtabul
ar'
(Font)                  OML/MinionPro-TOsF/m/it --> OML/MyriadPro-TOsF/b/it on 
input line 402.
LaTeX Font Info:    Overwriting math alphabet `\mathcal' in version `sans'
(Font)                  OMS/MnSymbolS/m/n --> OMS/mdcmsy/m/n on input line 405.

LaTeX Font Info:    Overwriting math alphabet `\mathcal' in version `sansbold'
(Font)                  OMS/MnSymbolS/m/n --> OMS/mdcmsy/b/n on input line 405.

LaTeX Font Info:    Overwriting math alphabet `\mathcal' in version `sanstabula
r'
(Font)                  OMS/MnSymbolS/m/n --> OMS/mdcmsy/m/n on input line 405.

LaTeX Font Info:    Overwriting math alphabet `\mathcal' in version `sansboldta
bular'
(Font)                  OMS/MnSymbolS/m/n --> OMS/mdcmsy/b/n on input line 405.

LaTeX Font Info:    Overwriting math alphabet `\mathbb' in version `sans'
(Font)                  U/msb/m/n --> U/mdmsb/m/n on input line 407.
LaTeX Font Info:    Overwriting math alphabet `\mathbb' in version `sansbold'
(Font)                  U/msb/m/n --> U/mdmsb/m/n on input line 407.
LaTeX Font Info:    Overwriting math alphabet `\mathbb' in version `sanstabular
'
(Font)                  U/msb/m/n --> U/mdmsb/m/n on input line 407.
LaTeX Font Info:    Overwriting math alphabet `\mathbb' in version `sansboldtab
ular'
(Font)                  U/msb/m/n --> U/mdmsb/m/n on input line 407.
LaTeX Font Info:    Overwriting math alphabet `\EuFrak' in version `sans'
(Font)                  U/euf/m/n --> U/mdeuf/m/n on input line 409.
LaTeX Font Info:    Overwriting math alphabet `\EuFrak' in version `sansbold'
(Font)                  U/euf/m/n --> U/mdeuf/b/n on input line 409.
LaTeX Font Info:    Overwriting math alphabet `\EuFrak' in version `sanstabular
'
(Font)                  U/euf/m/n --> U/mdeuf/m/n on input line 409.
LaTeX Font Info:    Overwriting math alphabet `\EuFrak' in version `sansboldtab
ular'
(Font)                  U/euf/m/n --> U/mdeuf/b/n on input line 409.
LaTeX Info: Redefining \Re@sans on input line 409.
LaTeX Info: Redefining \Im@sans on input line 409.
\MdSlantfracSpacingBeforeSlash=\skip50
\MdSlantfracSpacingAfterSlash=\skip51

Using the configuration file MyriadPro.cfg
(/usr/share/texlive/texmf-local/tex/latex/MyriadPro/MyriadPro.cfg)
Package textcomp Info: Setting MyriadPro-LF sub-encoding to TS1/1 on input line
 758.
Package textcomp Info: Setting MyriadPro-TLF sub-encoding to TS1/1 on input lin
e 759.
Package textcomp Info: Setting MyriadPro-OsF sub-encoding to TS1/1 on input lin
e 760.
Package textcomp Info: Setting MyriadPro-TOsF sub-encoding to TS1/1 on input li
ne 761.
LaTeX Info: Redefining \LaTeX on input line 830.
)
(/usr/share/texlive/texmf-dist/tex/latex/xcolor/xcolor.sty
Package: xcolor 2007/01/21 v2.11 LaTeX color extensions (UK)

(/usr/share/texlive/texmf-dist/tex/latex/latexconfig/color.cfg
File: color.cfg 2007/01/18 v1.5 color configuration of teTeX/TeXLive
)
Package xcolor Info: Package option `usenames' ignored on input line 216.
Package xcolor Info: Driver file: pdftex.def on input line 225.

(/usr/share/texlive/texmf-dist/tex/latex/pdftex-def/pdftex.def
File: pdftex.def 2011/05/27 v0.06d Graphics/color for pdfTeX
\Gread@gobject=\count119
)
Package xcolor Info: Model `cmy' substituted by `cmy0' on input line 1337.
Package xcolor Info: Model `hsb' substituted by `rgb' on input line 1341.
Package xcolor Info: Model `RGB' extended on input line 1353.
Package xcolor Info: Model `HTML' substituted by `rgb' on input line 1355.
Package xcolor Info: Model `Hsb' substituted by `hsb' on input line 1356.
Package xcolor Info: Model `tHsb' substituted by `hsb' on input line 1357.
Package xcolor Info: Model `HSB' substituted by `hsb' on input line 1358.
Package xcolor Info: Model `Gray' substituted by `gray' on input line 1359.
Package xcolor Info: Model `wave' substituted by `hsb' on input line 1360.

(/usr/share/texlive/texmf-dist/tex/latex/graphics/dvipsnam.def
File: dvipsnam.def 1999/02/16 v3.0i Driver-dependant file (DPC,SPQR)
))
(/usr/share/texlive/texmf-dist/tex/latex/soul/soul.sty
Package: soul 2003/11/17 v2.4 letterspacing/underlining (mf)
\SOUL@word=\toks24
\SOUL@lasttoken=\toks25
\SOUL@cmds=\toks26
\SOUL@buffer=\toks27
\SOUL@token=\toks28
\SOUL@spaceskip=\skip52
\SOUL@ttwidth=\dimen118
\SOUL@uldp=\dimen119
\SOUL@ulht=\dimen120
)
(/usr/share/texlive/texmf-dist/tex/latex/pgf/frontendlayer/tikz.sty
(/usr/share/texlive/texmf-dist/tex/latex/pgf/basiclayer/pgf.sty
(/usr/share/texlive/texmf-dist/tex/latex/pgf/utilities/pgfrcs.sty
(/usr/share/texlive/texmf-dist/tex/generic/pgf/utilities/pgfutil-common.tex
\pgfutil@everybye=\toks29
)
(/usr/share/texlive/texmf-dist/tex/generic/pgf/utilities/pgfutil-latex.def
\pgfutil@abb=\box29

(/usr/share/texlive/texmf-dist/tex/latex/ms/everyshi.sty
Package: everyshi 2001/05/15 v3.00 EveryShipout Package (MS)
))
(/usr/share/texlive/texmf-dist/tex/generic/pgf/utilities/pgfrcs.code.tex
Package: pgfrcs 2010/10/25 v2.10 (rcs-revision 1.24)
))
Package: pgf 2008/01/15 v2.10 (rcs-revision 1.12)

(/usr/share/texlive/texmf-dist/tex/latex/pgf/basiclayer/pgfcore.sty
(/usr/share/texlive/texmf-dist/tex/latex/graphics/graphicx.sty
Package: graphicx 1999/02/16 v1.0f Enhanced LaTeX Graphics (DPC,SPQR)

(/usr/share/texlive/texmf-dist/tex/latex/graphics/graphics.sty
Package: graphics 2009/02/05 v1.0o Standard LaTeX Graphics (DPC,SPQR)

(/usr/share/texlive/texmf-dist/tex/latex/graphics/trig.sty
Package: trig 1999/03/16 v1.09 sin cos tan (DPC)
)
(/usr/share/texlive/texmf-dist/tex/latex/latexconfig/graphics.cfg
File: graphics.cfg 2010/04/23 v1.9 graphics configuration of TeX Live
)
Package graphics Info: Driver file: pdftex.def on input line 91.
)
\Gin@req@height=\dimen121
\Gin@req@width=\dimen122
)
(/usr/share/texlive/texmf-dist/tex/latex/pgf/systemlayer/pgfsys.sty
(/usr/share/texlive/texmf-dist/tex/generic/pgf/systemlayer/pgfsys.code.tex
Package: pgfsys 2010/06/30 v2.10 (rcs-revision 1.37)

(/usr/share/texlive/texmf-dist/tex/generic/pgf/utilities/pgfkeys.code.tex
\pgfkeys@pathtoks=\toks30
\pgfkeys@temptoks=\toks31

(/usr/share/texlive/texmf-dist/tex/generic/pgf/utilities/pgfkeysfiltered.code.t
ex
\pgfkeys@tmptoks=\toks32
))
\pgf@x=\dimen123
\pgf@y=\dimen124
\pgf@xa=\dimen125
\pgf@ya=\dimen126
\pgf@xb=\dimen127
\pgf@yb=\dimen128
\pgf@xc=\dimen129
\pgf@yc=\dimen130
\w@pgf@writea=\write3
\r@pgf@reada=\read1
\c@pgf@counta=\count120
\c@pgf@countb=\count121
\c@pgf@countc=\count122
\c@pgf@countd=\count123
 (/usr/share/texlive/texmf-dist/tex/generic/pgf/systemlayer/pgf.cfg
File: pgf.cfg 2008/05/14  (rcs-revision 1.7)
)
Package pgfsys Info: Driver file for pgf: pgfsys-pdftex.def on input line 900.

(/usr/share/texlive/texmf-dist/tex/generic/pgf/systemlayer/pgfsys-pdftex.def
File: pgfsys-pdftex.def 2009/05/22  (rcs-revision 1.26)

(/usr/share/texlive/texmf-dist/tex/generic/pgf/systemlayer/pgfsys-common-pdf.de
f
File: pgfsys-common-pdf.def 2008/05/19  (rcs-revision 1.10)
)))
(/usr/share/texlive/texmf-dist/tex/generic/pgf/systemlayer/pgfsyssoftpath.code.
tex
File: pgfsyssoftpath.code.tex 2008/07/18  (rcs-revision 1.7)
\pgfsyssoftpath@smallbuffer@items=\count124
\pgfsyssoftpath@bigbuffer@items=\count125
)
(/usr/share/texlive/texmf-dist/tex/generic/pgf/systemlayer/pgfsysprotocol.code.
tex
File: pgfsysprotocol.code.tex 2006/10/16  (rcs-revision 1.4)
))
(/usr/share/texlive/texmf-dist/tex/generic/pgf/basiclayer/pgfcore.code.tex
Package: pgfcore 2010/04/11 v2.10 (rcs-revision 1.7)

(/usr/share/texlive/texmf-dist/tex/generic/pgf/math/pgfmath.code.tex
(/usr/share/texlive/texmf-dist/tex/generic/pgf/math/pgfmathcalc.code.tex
(/usr/share/texlive/texmf-dist/tex/generic/pgf/math/pgfmathutil.code.tex)
(/usr/share/texlive/texmf-dist/tex/generic/pgf/math/pgfmathparser.code.tex
\pgfmath@dimen=\dimen131
\pgfmath@count=\count126
\pgfmath@box=\box30
\pgfmath@toks=\toks33
\pgfmath@stack@operand=\toks34
\pgfmath@stack@operation=\toks35
)
(/usr/share/texlive/texmf-dist/tex/generic/pgf/math/pgfmathfunctions.code.tex
(/usr/share/texlive/texmf-dist/tex/generic/pgf/math/pgfmathfunctions.basic.code
.tex)
(/usr/share/texlive/texmf-dist/tex/generic/pgf/math/pgfmathfunctions.trigonomet
ric.code.tex)
(/usr/share/texlive/texmf-dist/tex/generic/pgf/math/pgfmathfunctions.random.cod
e.tex)
(/usr/share/texlive/texmf-dist/tex/generic/pgf/math/pgfmathfunctions.comparison
.code.tex)
(/usr/share/texlive/texmf-dist/tex/generic/pgf/math/pgfmathfunctions.base.code.
tex)
(/usr/share/texlive/texmf-dist/tex/generic/pgf/math/pgfmathfunctions.round.code
.tex)
(/usr/share/texlive/texmf-dist/tex/generic/pgf/math/pgfmathfunctions.misc.code.
tex)))
(/usr/share/texlive/texmf-dist/tex/generic/pgf/math/pgfmathfloat.code.tex
\c@pgfmathroundto@lastzeros=\count127
))
(/usr/share/texlive/texmf-dist/tex/generic/pgf/basiclayer/pgfcorepoints.code.te
x
File: pgfcorepoints.code.tex 2010/04/09  (rcs-revision 1.20)
\pgf@picminx=\dimen132
\pgf@picmaxx=\dimen133
\pgf@picminy=\dimen134
\pgf@picmaxy=\dimen135
\pgf@pathminx=\dimen136
\pgf@pathmaxx=\dimen137
\pgf@pathminy=\dimen138
\pgf@pathmaxy=\dimen139
\pgf@xx=\dimen140
\pgf@xy=\dimen141
\pgf@yx=\dimen142
\pgf@yy=\dimen143
\pgf@zx=\dimen144
\pgf@zy=\dimen145
)
(/usr/share/texlive/texmf-dist/tex/generic/pgf/basiclayer/pgfcorepathconstruct.
code.tex
File: pgfcorepathconstruct.code.tex 2010/08/03  (rcs-revision 1.24)
\pgf@path@lastx=\dimen146
\pgf@path@lasty=\dimen147
)
(/usr/share/texlive/texmf-dist/tex/generic/pgf/basiclayer/pgfcorepathusage.code
.tex
File: pgfcorepathusage.code.tex 2008/04/22  (rcs-revision 1.12)
\pgf@shorten@end@additional=\dimen148
\pgf@shorten@start@additional=\dimen149
)
(/usr/share/texlive/texmf-dist/tex/generic/pgf/basiclayer/pgfcorescopes.code.te
x
File: pgfcorescopes.code.tex 2010/09/08  (rcs-revision 1.34)
\pgfpic=\box31
\pgf@hbox=\box32
\pgf@layerbox@main=\box33
\pgf@picture@serial@count=\count128
)
(/usr/share/texlive/texmf-dist/tex/generic/pgf/basiclayer/pgfcoregraphicstate.c
ode.tex
File: pgfcoregraphicstate.code.tex 2008/04/22  (rcs-revision 1.9)
\pgflinewidth=\dimen150
)
(/usr/share/texlive/texmf-dist/tex/generic/pgf/basiclayer/pgfcoretransformation
s.code.tex
File: pgfcoretransformations.code.tex 2009/06/10  (rcs-revision 1.11)
\pgf@pt@x=\dimen151
\pgf@pt@y=\dimen152
\pgf@pt@temp=\dimen153
)
(/usr/share/texlive/texmf-dist/tex/generic/pgf/basiclayer/pgfcorequick.code.tex
File: pgfcorequick.code.tex 2008/10/09  (rcs-revision 1.3)
)
(/usr/share/texlive/texmf-dist/tex/generic/pgf/basiclayer/pgfcoreobjects.code.t
ex
File: pgfcoreobjects.code.tex 2006/10/11  (rcs-revision 1.2)
)
(/usr/share/texlive/texmf-dist/tex/generic/pgf/basiclayer/pgfcorepathprocessing
.code.tex
File: pgfcorepathprocessing.code.tex 2008/10/09  (rcs-revision 1.8)
)
(/usr/share/texlive/texmf-dist/tex/generic/pgf/basiclayer/pgfcorearrows.code.te
x
File: pgfcorearrows.code.tex 2008/04/23  (rcs-revision 1.11)
)
(/usr/share/texlive/texmf-dist/tex/generic/pgf/basiclayer/pgfcoreshade.code.tex
File: pgfcoreshade.code.tex 2008/11/23  (rcs-revision 1.13)
\pgf@max=\dimen154
\pgf@sys@shading@range@num=\count129
)
(/usr/share/texlive/texmf-dist/tex/generic/pgf/basiclayer/pgfcoreimage.code.tex
File: pgfcoreimage.code.tex 2010/03/25  (rcs-revision 1.16)

(/usr/share/texlive/texmf-dist/tex/generic/pgf/basiclayer/pgfcoreexternal.code.
tex
File: pgfcoreexternal.code.tex 2010/09/01  (rcs-revision 1.17)
\pgfexternal@startupbox=\box34
))
(/usr/share/texlive/texmf-dist/tex/generic/pgf/basiclayer/pgfcorelayers.code.te
x
File: pgfcorelayers.code.tex 2010/08/27  (rcs-revision 1.2)
)
(/usr/share/texlive/texmf-dist/tex/generic/pgf/basiclayer/pgfcoretransparency.c
ode.tex
File: pgfcoretransparency.code.tex 2008/01/17  (rcs-revision 1.2)
)
(/usr/share/texlive/texmf-dist/tex/generic/pgf/basiclayer/pgfcorepatterns.code.
tex
File: pgfcorepatterns.code.tex 2009/07/02  (rcs-revision 1.3)
)))
(/usr/share/texlive/texmf-dist/tex/generic/pgf/modules/pgfmoduleshapes.code.tex
File: pgfmoduleshapes.code.tex 2010/09/09  (rcs-revision 1.13)
\pgfnodeparttextbox=\box35
) (/usr/share/texlive/texmf-dist/tex/generic/pgf/modules/pgfmoduleplot.code.tex
File: pgfmoduleplot.code.tex 2010/10/22  (rcs-revision 1.8)
)
(/usr/share/texlive/texmf-dist/tex/latex/pgf/compatibility/pgfcomp-version-0-65
.sty
Package: pgfcomp-version-0-65 2007/07/03 v2.10 (rcs-revision 1.7)
\pgf@nodesepstart=\dimen155
\pgf@nodesepend=\dimen156
)
(/usr/share/texlive/texmf-dist/tex/latex/pgf/compatibility/pgfcomp-version-1-18
.sty
Package: pgfcomp-version-1-18 2007/07/23 v2.10 (rcs-revision 1.1)
)) (/usr/share/texlive/texmf-dist/tex/latex/pgf/utilities/pgffor.sty
(/usr/share/texlive/texmf-dist/tex/latex/pgf/utilities/pgfkeys.sty
(/usr/share/texlive/texmf-dist/tex/generic/pgf/utilities/pgfkeys.code.tex))
(/usr/share/texlive/texmf-dist/tex/generic/pgf/utilities/pgffor.code.tex
Package: pgffor 2010/03/23 v2.10 (rcs-revision 1.18)
\pgffor@iter=\dimen157
\pgffor@skip=\dimen158
\pgffor@stack=\toks36
\pgffor@toks=\toks37
))
(/usr/share/texlive/texmf-dist/tex/generic/pgf/frontendlayer/tikz/tikz.code.tex
Package: tikz 2010/10/13 v2.10 (rcs-revision 1.76)

(/usr/share/texlive/texmf-dist/tex/generic/pgf/libraries/pgflibraryplothandlers
.code.tex
File: pgflibraryplothandlers.code.tex 2010/05/31 v2.10 (rcs-revision 1.15)
\pgf@plot@mark@count=\count130
\pgfplotmarksize=\dimen159
)
\tikz@lastx=\dimen160
\tikz@lasty=\dimen161
\tikz@lastxsaved=\dimen162
\tikz@lastysaved=\dimen163
\tikzleveldistance=\dimen164
\tikzsiblingdistance=\dimen165
\tikz@figbox=\box36
\tikz@tempbox=\box37
\tikztreelevel=\count131
\tikznumberofchildren=\count132
\tikznumberofcurrentchild=\count133
\tikz@fig@count=\count134

(/usr/share/texlive/texmf-dist/tex/generic/pgf/modules/pgfmodulematrix.code.tex
File: pgfmodulematrix.code.tex 2010/08/24  (rcs-revision 1.4)
\pgfmatrixcurrentrow=\count135
\pgfmatrixcurrentcolumn=\count136
\pgf@matrix@numberofcolumns=\count137
)
\tikz@expandcount=\count138

(/usr/share/texlive/texmf-dist/tex/generic/pgf/frontendlayer/tikz/libraries/tik
zlibrarytopaths.code.tex
File: tikzlibrarytopaths.code.tex 2008/06/17 v2.10 (rcs-revision 1.2)
)))
(/usr/share/texlive/texmf-dist/tex/generic/pgf/frontendlayer/tikz/libraries/tik
zlibraryarrows.code.tex
File: tikzlibraryarrows.code.tex 2008/01/09 v2.10 (rcs-revision 1.1)

(/usr/share/texlive/texmf-dist/tex/generic/pgf/libraries/pgflibraryarrows.code.
tex
File: pgflibraryarrows.code.tex 2008/10/27 v2.10 (rcs-revision 1.9)
\arrowsize=\dimen166
))
(/usr/share/texlive/texmf-dist/tex/generic/pgf/frontendlayer/tikz/libraries/tik
zlibraryshapes.code.tex
File: tikzlibraryshapes.code.tex 2008/01/09 v2.10 (rcs-revision 1.1)

(/usr/share/texlive/texmf-dist/tex/generic/pgf/frontendlayer/tikz/libraries/tik
zlibraryshapes.geometric.code.tex
File: tikzlibraryshapes.geometric.code.tex 2008/01/09 v2.10 (rcs-revision 1.1)

(/usr/share/texlive/texmf-dist/tex/generic/pgf/libraries/shapes/pgflibraryshape
s.geometric.code.tex
File: pgflibraryshapes.geometric.code.tex 2008/06/26 v2.10 (rcs-revision 1.1)
))
(/usr/share/texlive/texmf-dist/tex/generic/pgf/frontendlayer/tikz/libraries/tik
zlibraryshapes.misc.code.tex
File: tikzlibraryshapes.misc.code.tex 2008/01/09 v2.10 (rcs-revision 1.1)

(/usr/share/texlive/texmf-dist/tex/generic/pgf/libraries/shapes/pgflibraryshape
s.misc.code.tex
File: pgflibraryshapes.misc.code.tex 2008/10/07 v2.10 (rcs-revision 1.3)
))
(/usr/share/texlive/texmf-dist/tex/generic/pgf/frontendlayer/tikz/libraries/tik
zlibraryshapes.symbols.code.tex
File: tikzlibraryshapes.symbols.code.tex 2008/01/09 v2.10 (rcs-revision 1.1)

(/usr/share/texlive/texmf-dist/tex/generic/pgf/libraries/shapes/pgflibraryshape
s.symbols.code.tex
File: pgflibraryshapes.symbols.code.tex 2009/10/27 v2.10 (rcs-revision 1.3)
))
(/usr/share/texlive/texmf-dist/tex/generic/pgf/frontendlayer/tikz/libraries/tik
zlibraryshapes.arrows.code.tex
File: tikzlibraryshapes.arrows.code.tex 2008/01/09 v2.10 (rcs-revision 1.1)

(/usr/share/texlive/texmf-dist/tex/generic/pgf/libraries/shapes/pgflibraryshape
s.arrows.code.tex
File: pgflibraryshapes.arrows.code.tex 2008/06/26 v2.10 (rcs-revision 1.1)
))
(/usr/share/texlive/texmf-dist/tex/generic/pgf/frontendlayer/tikz/libraries/tik
zlibraryshapes.callouts.code.tex
(/usr/share/texlive/texmf-dist/tex/generic/pgf/libraries/shapes/pgflibraryshape
s.callouts.code.tex))
(/usr/share/texlive/texmf-dist/tex/generic/pgf/frontendlayer/tikz/libraries/tik
zlibraryshapes.multipart.code.tex
File: tikzlibraryshapes.multipart.code.tex 2008/01/09 v2.10 (rcs-revision 1.1)

(/usr/share/texlive/texmf-dist/tex/generic/pgf/libraries/shapes/pgflibraryshape
s.multipart.code.tex
File: pgflibraryshapes.multipart.code.tex 2010/01/07 v2.10 (rcs-revision 1.2)
\pgfnodepartlowerbox=\box38
\pgfnodeparttwobox=\box39
\pgfnodepartthreebox=\box40
\pgfnodepartfourbox=\box41
\pgfnodeparttwentybox=\box42
\pgfnodepartnineteenbox=\box43
\pgfnodeparteighteenbox=\box44
\pgfnodepartseventeenbox=\box45
\pgfnodepartsixteenbox=\box46
\pgfnodepartfifteenbox=\box47
\pgfnodepartfourteenbox=\box48
\pgfnodepartthirteenbox=\box49
\pgfnodeparttwelvebox=\box50
\pgfnodepartelevenbox=\box51
\pgfnodeparttenbox=\box52
\pgfnodepartninebox=\box53
\pgfnodeparteightbox=\box54
\pgfnodepartsevenbox=\box55
\pgfnodepartsixbox=\box56
\pgfnodepartfivebox=\box57
)))
(/usr/share/texlive/texmf-dist/tex/generic/pgf/frontendlayer/tikz/libraries/tik
zlibrarypositioning.code.tex
File: tikzlibrarypositioning.code.tex 2008/10/06 v2.10 (rcs-revision 1.7)
)
(/usr/share/texlive/texmf-dist/tex/generic/pgf/frontendlayer/tikz/libraries/tik
zlibraryshadows.code.tex
File: tikzlibraryshadows.code.tex 2008/01/13 v2.10 (rcs-revision 1.3)

(/usr/share/texlive/texmf-dist/tex/generic/pgf/frontendlayer/tikz/libraries/tik
zlibraryfadings.code.tex
File: tikzlibraryfadings.code.tex 2009/11/15 v2.10 (rcs-revision 1.2)

(/usr/share/texlive/texmf-dist/tex/generic/pgf/libraries/pgflibraryfadings.code
.tex
File: pgflibraryfadings.code.tex 2008/02/07 v2.10 (rcs-revision 1.3)
)))
(/usr/share/texlive/texmf-dist/tex/generic/pgf/frontendlayer/tikz/libraries/tik
zlibrarytrees.code.tex
File: tikzlibrarytrees.code.tex 2008/02/24 v2.10 (rcs-revision 1.2)
)
(/usr/share/texlive/texmf-dist/tex/latex/microtype/microtype.sty
Package: microtype 2013/05/23 v2.5a Micro-typographical refinements (RS)
\MT@toks=\toks38
\MT@count=\count139
LaTeX Info: Redefining \textls on input line 766.
\MT@outer@kern=\dimen167
LaTeX Info: Redefining \textmicrotypecontext on input line 1285.
\MT@listname@count=\count140

(/usr/share/texlive/texmf-dist/tex/latex/microtype/microtype-pdftex.def
File: microtype-pdftex.def 2013/05/23 v2.5a Definitions specific to pdftex (RS)

LaTeX Info: Redefining \lsstyle on input line 915.
LaTeX Info: Redefining \lslig on input line 915.
\MT@outer@space=\skip53
)
Package microtype Info: Loading configuration file microtype.cfg.

(/usr/share/texlive/texmf-dist/tex/latex/microtype/microtype.cfg
File: microtype.cfg 2013/05/23 v2.5a microtype main configuration file (RS)
))
(/usr/share/texlive/texmf-dist/tex/latex/lipsum/lipsum.sty
Package: lipsum 2011/04/14 v1.2 150 paragraphs of Lorem Ipsum dummy text
\c@lips@count=\count141
)
(/usr/share/texlive/texmf-dist/tex/latex/natbib/natbib.sty
Package: natbib 2010/09/13 8.31b (PWD, AO)
\bibhang=\skip54
\bibsep=\skip55
LaTeX Info: Redefining \cite on input line 694.
\c@NAT@ctr=\count142
)
(/usr/share/texlive/texmf-dist/tex/latex/titlesec/titlesec.sty
Package: titlesec 2011/12/15 v2.10.0 Sectioning titles
\ttl@box=\box58
\beforetitleunit=\skip56
\aftertitleunit=\skip57
\ttl@plus=\dimen168
\ttl@minus=\dimen169
\ttl@toksa=\toks39
\titlewidth=\dimen170
\titlewidthlast=\dimen171
\titlewidthfirst=\dimen172
)
(/usr/share/texlive/texmf-dist/tex/latex/geometry/geometry.sty
Package: geometry 2010/09/12 v5.6 Page Geometry

(/usr/share/texlive/texmf-dist/tex/generic/oberdiek/ifpdf.sty
Package: ifpdf 2011/01/30 v2.3 Provides the ifpdf switch (HO)
Package ifpdf Info: pdfTeX in PDF mode is detected.
)
(/usr/share/texlive/texmf-dist/tex/generic/oberdiek/ifvtex.sty
Package: ifvtex 2010/03/01 v1.5 Detect VTeX and its facilities (HO)
Package ifvtex Info: VTeX not detected.
)
(/usr/share/texlive/texmf-dist/tex/generic/ifxetex/ifxetex.sty
Package: ifxetex 2010/09/12 v0.6 Provides ifxetex conditional
)
\Gm@cnth=\count143
\Gm@cntv=\count144
\c@Gm@tempcnt=\count145
\Gm@bindingoffset=\dimen173
\Gm@wd@mp=\dimen174
\Gm@odd@mp=\dimen175
\Gm@even@mp=\dimen176
\Gm@layoutwidth=\dimen177
\Gm@layoutheight=\dimen178
\Gm@layouthoffset=\dimen179
\Gm@layoutvoffset=\dimen180
\Gm@dimlist=\toks40
)
(/usr/share/texlive/texmf-dist/tex/latex/verbments/verbments.sty
Package: verbments 2011/08/20 v1.2 Pygments/fancyvrb source code highlighting f
or LaTeX

(/usr/share/texlive/texmf-dist/tex/latex/fancyvrb/fancyvrb.sty
Package: fancyvrb 2008/02/07

Style option: `fancyvrb' v2.7a, with DG/SPQR fixes, and firstline=lastline fix 
<2008/02/07> (tvz)
\FV@CodeLineNo=\count146
\FV@InFile=\read2
\FV@TabBox=\box59
\c@FancyVerbLine=\count147
\FV@StepNumber=\count148
\FV@OutFile=\write4
) (/usr/share/texlive/texmf-dist/tex/latex/framed/framed.sty
Package: framed 2011/10/22 v 0.96: framed or shaded text with page breaks
\OuterFrameSep=\skip58
\fb@frw=\dimen181
\fb@frh=\dimen182
\FrameRule=\dimen183
\FrameSep=\dimen184
)
\@tmpwidth=\skip59
\@tmpvskip=\skip60
) (/usr/share/texlive/texmf-dist/tex/latex/tools/multicol.sty
Package: multicol 2011/06/27 v1.7a multicolumn formatting (FMi)
\c@tracingmulticols=\count149
\mult@box=\box60
\multicol@leftmargin=\dimen185
\c@unbalance=\count150
\c@collectmore=\count151
\doublecol@number=\count152
\multicoltolerance=\count153
\multicolpretolerance=\count154
\full@width=\dimen186
\page@free=\dimen187
\premulticols=\dimen188
\postmulticols=\dimen189
\multicolsep=\skip61
\multicolbaselineskip=\skip62
\partial@page=\box61
\last@line=\box62
\mult@rightbox=\box63
\mult@grightbox=\box64
\mult@gfirstbox=\box65
\mult@firstbox=\box66
\@tempa=\box67
\@tempa=\box68
\@tempa=\box69
\@tempa=\box70
\@tempa=\box71
\@tempa=\box72
\@tempa=\box73
\@tempa=\box74
\@tempa=\box75
\@tempa=\box76
\@tempa=\box77
\@tempa=\box78
\@tempa=\box79
\@tempa=\box80
\@tempa=\box81
\@tempa=\box82
\@tempa=\box83
\c@columnbadness=\count155
\c@finalcolumnbadness=\count156
\last@try=\dimen190
\multicolovershoot=\dimen191
\multicolundershoot=\dimen192
\mult@nat@firstbox=\box84
\colbreak@box=\box85
\multicol@sort@counter=\count157
)
(/usr/share/texlive/texmf-dist/tex/latex/caption/caption.sty
Package: caption 2013/05/02 v3.3-89 Customizing captions (AR)

(/usr/share/texlive/texmf-dist/tex/latex/caption/caption3.sty
Package: caption3 2013/05/02 v1.6-88 caption3 kernel (AR)
Package caption3 Info: TeX engine: e-TeX on input line 57.
\captionmargin=\dimen193
\captionmargin@=\dimen194
\captionwidth=\dimen195
\caption@tempdima=\dimen196
\caption@indent=\dimen197
\caption@parindent=\dimen198
\caption@hangindent=\dimen199
)
\c@ContinuedFloat=\count158
)
(/usr/share/texlive/texmf-dist/tex/latex/caption/subcaption.sty
Package: subcaption 2013/02/03 v1.1-62 Sub-captions (AR)
\c@subfigure=\count159
\c@subtable=\count160
)
(/usr/share/texlive/texmf-dist/tex/latex/booktabs/booktabs.sty
Package: booktabs 2005/04/14 v1.61803 publication quality tables
\heavyrulewidth=\dimen200
\lightrulewidth=\dimen201
\cmidrulewidth=\dimen202
\belowrulesep=\dimen203
\belowbottomsep=\dimen204
\aboverulesep=\dimen205
\abovetopsep=\dimen206
\cmidrulesep=\dimen207
\cmidrulekern=\dimen208
\defaultaddspace=\dimen209
\@cmidla=\count161
\@cmidlb=\count162
\@aboverulesep=\dimen210
\@belowrulesep=\dimen211
\@thisruleclass=\count163
\@lastruleclass=\count164
\@thisrulewidth=\dimen212
)
(/usr/share/texlive/texmf-dist/tex/latex/appendix/appendix.sty
Package: appendix 2009/09/02 v1.2b extra appendix facilities
\c@@pps=\count165
\c@@ppsavesec=\count166
\c@@ppsaveapp=\count167
)
(/usr/share/texlive/texmf-dist/tex/latex/psnfss/pifont.sty
Package: pifont 2005/04/12 PSNFSS-v9.2a Pi font support (SPQR) 
LaTeX Font Info:    Try loading font information for U+pzd on input line 63.

(/usr/share/texlive/texmf-dist/tex/latex/psnfss/upzd.fd
File: upzd.fd 2001/06/04 font definitions for U/pzd.
)
LaTeX Font Info:    Try loading font information for U+psy on input line 64.

(/usr/share/texlive/texmf-dist/tex/latex/psnfss/upsy.fd
File: upsy.fd 2001/06/04 font definitions for U/psy.
))
(/usr/share/texlive/texmf-dist/tex/latex/hyperref/hyperref.sty
Package: hyperref 2012/11/06 v6.83m Hypertext links for LaTeX

(/usr/share/texlive/texmf-dist/tex/generic/oberdiek/hobsub-hyperref.sty
Package: hobsub-hyperref 2012/05/28 v1.13 Bundle oberdiek, subset hyperref (HO)


(/usr/share/texlive/texmf-dist/tex/generic/oberdiek/hobsub-generic.sty
Package: hobsub-generic 2012/05/28 v1.13 Bundle oberdiek, subset generic (HO)
Package: hobsub 2012/05/28 v1.13 Construct package bundles (HO)
Package hobsub Info: Skipping package `infwarerr' (already loaded).
Package hobsub Info: Skipping package `ltxcmds' (already loaded).
Package hobsub Info: Skipping package `ifluatex' (already loaded).
Package hobsub Info: Skipping package `ifvtex' (already loaded).
Package: intcalc 2007/09/27 v1.1 Expandable calculations with integers (HO)
Package hobsub Info: Skipping package `ifpdf' (already loaded).
Package hobsub Info: Skipping package `etexcmds' (already loaded).
Package hobsub Info: Skipping package `kvsetkeys' (already loaded).
Package: kvdefinekeys 2011/04/07 v1.3 Define keys (HO)
Package: pdftexcmds 2011/11/29 v0.20 Utility functions of pdfTeX for LuaTeX (HO
)
Package pdftexcmds Info: LuaTeX not detected.
Package pdftexcmds Info: \pdf@primitive is available.
Package pdftexcmds Info: \pdf@ifprimitive is available.
Package pdftexcmds Info: \pdfdraftmode found.
Package: pdfescape 2011/11/25 v1.13 Implements pdfTeX's escape features (HO)
Package: bigintcalc 2012/04/08 v1.3 Expandable calculations on big integers (HO
)
Package: bitset 2011/01/30 v1.1 Handle bit-vector datatype (HO)
Package: uniquecounter 2011/01/30 v1.2 Provide unlimited unique counter (HO)
)
Package hobsub Info: Skipping package `hobsub' (already loaded).
Package: letltxmacro 2010/09/02 v1.4 Let assignment for LaTeX macros (HO)
Package: hopatch 2012/05/28 v1.2 Wrapper for package hooks (HO)
Package: xcolor-patch 2011/01/30 xcolor patch
Package: atveryend 2011/06/30 v1.8 Hooks at the very end of document (HO)
Package: atbegshi 2011/10/05 v1.16 At begin shipout hook (HO)
Package: refcount 2011/10/16 v3.4 Data extraction from label references (HO)
Package: hycolor 2011/01/30 v1.7 Color options for hyperref/bookmark (HO)
)
(/usr/share/texlive/texmf-dist/tex/latex/oberdiek/auxhook.sty
Package: auxhook 2011/03/04 v1.3 Hooks for auxiliary files (HO)
)
\@linkdim=\dimen213
\Hy@linkcounter=\count168
\Hy@pagecounter=\count169

(/usr/share/texlive/texmf-dist/tex/latex/hyperref/pd1enc.def
File: pd1enc.def 2012/11/06 v6.83m Hyperref: PDFDocEncoding definition (HO)
Now handling font encoding PD1 ...
... no UTF-8 mapping file for font encoding PD1
)
\Hy@SavedSpaceFactor=\count170

(/usr/share/texlive/texmf-dist/tex/latex/latexconfig/hyperref.cfg
File: hyperref.cfg 2002/06/06 v1.2 hyperref configuration of TeXLive
)
Package hyperref Info: Hyper figures OFF on input line 4443.
Package hyperref Info: Link nesting OFF on input line 4448.
Package hyperref Info: Hyper index ON on input line 4451.
Package hyperref Info: Plain pages OFF on input line 4458.
Package hyperref Info: Backreferencing OFF on input line 4463.
Package hyperref Info: Implicit mode ON; LaTeX internals redefined.
Package hyperref Info: Bookmarks ON on input line 4688.
\c@Hy@tempcnt=\count171

(/usr/share/texlive/texmf-dist/tex/latex/url/url.sty
\Urlmuskip=\muskip11
Package: url 2006/04/12  ver 3.3  Verb mode for urls, etc.
)
LaTeX Info: Redefining \url on input line 5041.
\XeTeXLinkMargin=\dimen214
\Fld@menulength=\count172
\Field@Width=\dimen215
\Fld@charsize=\dimen216
Package hyperref Info: Hyper figures OFF on input line 6295.
Package hyperref Info: Link nesting OFF on input line 6300.
Package hyperref Info: Hyper index ON on input line 6303.
Package hyperref Info: backreferencing OFF on input line 6310.
Package hyperref Info: Link coloring OFF on input line 6315.
Package hyperref Info: Link coloring with OCG OFF on input line 6320.
Package hyperref Info: PDF/A mode OFF on input line 6325.
LaTeX Info: Redefining \ref on input line 6365.
LaTeX Info: Redefining \pageref on input line 6369.
\Hy@abspage=\count173
\c@Item=\count174
\c@Hfootnote=\count175
)

Package hyperref Message: Driver (autodetected): hpdftex.

(/usr/share/texlive/texmf-dist/tex/latex/hyperref/hpdftex.def
File: hpdftex.def 2012/11/06 v6.83m Hyperref driver for pdfTeX
\Fld@listcount=\count176
\c@bookmark@seq@number=\count177

(/usr/share/texlive/texmf-dist/tex/latex/oberdiek/rerunfilecheck.sty
Package: rerunfilecheck 2011/04/15 v1.7 Rerun checks for auxiliary files (HO)
Package uniquecounter Info: New unique counter `rerunfilecheck' on input line 2
82.
)
\Hy@SectionHShift=\skip63
)
Package hyperref Info: Option `colorlinks' set `true' on input line 51.
Package hyperref Info: Option `breaklinks' set `true' on input line 51.


Package geometry Warning: Over-specification in `h'-direction.
    `width' (597.50787pt) is ignored.


Package geometry Warning: Over-specification in `v'-direction.
    `height' (845.04684pt) is ignored.

\drop=\skip64
\c@subsubsubsection=\count178
(./fault_tolerance_report.aux

LaTeX Warning: Label `fig:spin5' multiply defined.

)
\openout1 = `fault_tolerance_report.aux'.

LaTeX Font Info:    Checking defaults for OML/cmm/m/it on input line 193.
LaTeX Font Info:    ... okay on input line 193.
LaTeX Font Info:    Checking defaults for T1/cmr/m/n on input line 193.
LaTeX Font Info:    ... okay on input line 193.
LaTeX Font Info:    Checking defaults for OT1/cmr/m/n on input line 193.
LaTeX Font Info:    ... okay on input line 193.
LaTeX Font Info:    Checking defaults for OMS/cmsy/m/n on input line 193.
LaTeX Font Info:    ... okay on input line 193.
LaTeX Font Info:    Checking defaults for OMX/cmex/m/n on input line 193.
LaTeX Font Info:    ... okay on input line 193.
LaTeX Font Info:    Checking defaults for U/cmr/m/n on input line 193.
LaTeX Font Info:    ... okay on input line 193.
LaTeX Font Info:    Checking defaults for TS1/cmr/m/n on input line 193.
LaTeX Font Info:    Try loading font information for TS1+cmr on input line 193.

 (/usr/share/texlive/texmf-dist/tex/latex/base/ts1cmr.fd
File: ts1cmr.fd 1999/05/25 v2.5h Standard LaTeX font definitions
)
LaTeX Font Info:    ... okay on input line 193.
LaTeX Font Info:    Checking defaults for PD1/pdf/m/n on input line 193.
LaTeX Font Info:    ... okay on input line 193.

Option `squaren' provided! 
 Command \squaren defined by SIunits package!

(/usr/share/texlive/texmf-dist/tex/context/base/supp-pdf.mkii
[Loading MPS to PDF converter (version 2006.09.02).]
\scratchcounter=\count179
\scratchdimen=\dimen217
\scratchbox=\box86
\nofMPsegments=\count180
\nofMParguments=\count181
\everyMPshowfont=\toks41
\MPscratchCnt=\count182
\MPscratchDim=\dimen218
\MPnumerator=\count183
\makeMPintoPDFobject=\count184
\everyMPtoPDFconversion=\toks42
) ABD: EveryShipout initializing macros
(/usr/share/texlive/texmf-dist/tex/latex/oberdiek/epstopdf-base.sty
Package: epstopdf-base 2010/02/09 v2.5 Base part for package epstopdf

(/usr/share/texlive/texmf-dist/tex/latex/oberdiek/grfext.sty
Package: grfext 2010/08/19 v1.1 Manage graphics extensions (HO)
)
Package grfext Info: Graphics extension search list:
(grfext)             [.png,.pdf,.jpg,.mps,.jpeg,.jbig2,.jb2,.PNG,.PDF,.JPG,.JPE
G,.JBIG2,.JB2,.eps]
(grfext)             \AppendGraphicsExtensions on input line 452.

(/usr/share/texlive/texmf-dist/tex/latex/latexconfig/epstopdf-sys.cfg
File: epstopdf-sys.cfg 2010/07/13 v1.3 Configuration of (r)epstopdf for TeX Liv
e
))
LaTeX Info: Redefining \microtypecontext on input line 193.
Package microtype Info: Generating PDF output.
Package microtype Info: Character protrusion enabled (level 2).
Package microtype Info: Using default protrusion set `alltext'.
Package microtype Info: Automatic font expansion enabled (level 2),
(microtype)             stretch: 20, shrink: 20, step: 1, non-selected.
Package microtype Info: Using default expansion set `basictext'.
Package microtype Info: No adjustment of tracking.
Package microtype Info: No adjustment of interword spacing.
Package microtype Info: No adjustment of character kerning.

(/usr/share/texlive/texmf-local/tex/latex/MinionPro/mt-MinionPro.cfg
File: mt-MinionPro.cfg 2005/02/07 v1.0 microtype config file for MinionPro
)

Package microtype Warning: Unknown slot number of character
(microtype)                `\j '
(microtype)                in font encoding `T1' in inheritance list
(microtype)                `microtype.cfg/201(protrusion)'.

*geometry* driver: auto-detecting
*geometry* detected driver: pdftex
*geometry* verbose mode - [ preamble ] result:
* driver: pdftex
* paper: a4paper
* layout: <same size as paper>
* layoutoffset:(h,v)=(0.0pt,0.0pt)
* modes: 
* h-part:(L,W,R)=(99.58464pt, 412.56497pt, 85.35826pt)
* v-part:(T,H,B)=(85.35826pt, 674.33032pt, 85.35826pt)
* \paperwidth=597.50787pt
* \paperheight=845.04684pt
* \textwidth=412.56497pt
* \textheight=674.33032pt
* \oddsidemargin=27.31465pt
* \evensidemargin=27.31465pt
* \topmargin=-23.91173pt
* \headheight=12.0pt
* \headsep=25.0pt
* \topskip=11.0pt
* \footskip=30.0pt
* \marginparwidth=50.0pt
* \marginparsep=10.0pt
* \columnsep=10.0pt
* \skip\footins=10.0pt plus 4.0pt minus 2.0pt
* \hoffset=0.0pt
* \voffset=0.0pt
* \mag=1000
* \@twocolumnfalse
* \@twosidefalse
* \@mparswitchfalse
* \@reversemarginfalse
* (1in=72.27pt=25.4mm, 1cm=28.453pt)

\c@pllisting=\count185
Package caption Info: Begin \AtBeginDocument code.
Package caption Info: hyperref package is loaded.
Package caption Info: End \AtBeginDocument code.
\AtBeginShipoutBox=\box87
Package hyperref Info: Link coloring ON on input line 193.
(/usr/share/texlive/texmf-dist/tex/latex/hyperref/nameref.sty
Package: nameref 2012/10/27 v2.43 Cross-referencing by name of section

(/usr/share/texlive/texmf-dist/tex/generic/oberdiek/gettitlestring.sty
Package: gettitlestring 2010/12/03 v1.4 Cleanup title references (HO)
)
\c@section@level=\count186
)
LaTeX Info: Redefining \ref on input line 193.
LaTeX Info: Redefining \pageref on input line 193.
LaTeX Info: Redefining \nameref on input line 193.

(./fault_tolerance_report.out) (./fault_tolerance_report.out)
\@outlinefile=\write5
\openout5 = `fault_tolerance_report.out'.

LaTeX Font Info:    Try loading font information for OML+MinionPro-TOsF on inpu
t line 199.

(/usr/share/texlive/texmf-local/tex/latex/MinionPro/OMLMinionPro-TOsF.fd
File: OMLMinionPro-TOsF.fd 2005/01/23 v2.0 font definitions for OML/MinionPro-T
OsF.

(/usr/share/texlive/texmf-local/tex/latex/MinionPro/MinionPro-FontDef.sty
File: MinionPro-FontDef.sty 2007/02/01 v2.2 font definition macros
))
(/usr/share/texlive/texmf-dist/tex/latex/microtype/mt-eur.cfg
File: mt-eur.cfg 2006/07/31 v1.1 microtype config. file: AMS Euler Roman (RS)
)
LaTeX Font Info:    Font shape `U/MdSymbolB/m/n' will be
(Font)              scaled to size 12.0pt on input line 199.
LaTeX Font Info:    Font shape `U/MdSymbolB/m/n' will be
(Font)              scaled to size 8.0pt on input line 199.
LaTeX Font Info:    Font shape `U/MdSymbolB/m/n' will be
(Font)              scaled to size 6.0pt on input line 199.
LaTeX Font Info:    Font shape `U/MdSymbolC/m/n' will be
(Font)              scaled to size 12.0pt on input line 199.
LaTeX Font Info:    Font shape `U/MdSymbolC/m/n' will be
(Font)              scaled to size 8.0pt on input line 199.
LaTeX Font Info:    Font shape `U/MdSymbolC/m/n' will be
(Font)              scaled to size 6.0pt on input line 199.
LaTeX Font Info:    Font shape `U/MdSymbolD/m/n' will be
(Font)              scaled to size 12.0pt on input line 199.
LaTeX Font Info:    Font shape `U/MdSymbolD/m/n' will be
(Font)              scaled to size 8.0pt on input line 199.
LaTeX Font Info:    Font shape `U/MdSymbolD/m/n' will be
(Font)              scaled to size 6.0pt on input line 199.
LaTeX Font Info:    Font shape `U/MdSymbolF/m/n' will be
(Font)              scaled to size 12.0pt on input line 199.
LaTeX Font Info:    Font shape `U/MdSymbolF/m/n' will be
(Font)              scaled to size 8.0pt on input line 199.
LaTeX Font Info:    Font shape `U/MdSymbolF/m/n' will be
(Font)              scaled to size 6.0pt on input line 199.
LaTeX Font Info:    Font shape `T1/MinionPro-LF/bx/n' in size <14.4> not availa
ble
(Font)              Font shape `T1/MinionPro-LF/b/n' tried instead on input lin
e 216.

(./fault_tolerance_report.toc
LaTeX Font Info:    Font shape `T1/MinionPro-LF/bx/n' in size <10.95> not avail
able
(Font)              Font shape `T1/MinionPro-LF/b/n' tried instead on input lin
e 1.
LaTeX Font Info:    Font shape `U/MdSymbolB/m/n' will be
(Font)              scaled to size 10.95pt on input line 2.
LaTeX Font Info:    Font shape `U/MdSymbolC/m/n' will be
(Font)              scaled to size 10.95pt on input line 2.
LaTeX Font Info:    Font shape `U/MdSymbolD/m/n' will be
(Font)              scaled to size 10.95pt on input line 2.
LaTeX Font Info:    Font shape `U/MdSymbolF/m/n' will be
(Font)              scaled to size 10.95pt on input line 2.
)
\tf@toc=\write6
\openout6 = `fault_tolerance_report.toc'.

 [1

{/usr/share/texlive/texmf-var/fonts/map/pdftex/updmap/pdftex.map}]
LaTeX Font Info:    Font shape `T1/MinionPro-LF/bx/n' in size <12> not availabl
e
(Font)              Font shape `T1/MinionPro-LF/b/n' tried instead on input lin
e 234.
 [2]
LaTeX Font Info:    Try loading font information for TS1+MinionPro-LF on input 
line 263.

(/usr/share/texlive/texmf-local/tex/latex/MinionPro/TS1MinionPro-LF.fd
File: TS1MinionPro-LF.fd 2005/01/23 v2.0 font definitions for TS1/MinionPro-LF.


(/usr/share/texlive/texmf-local/tex/latex/MinionPro/MinionPro-FontDef.sty
File: MinionPro-FontDef.sty 2007/02/01 v2.2 font definition macros
))
Package microtype Info: Loading generic settings for font family
(microtype)             `MinionPro-LF' (encoding: TS1).
(microtype)             For optimal results, create family-specific settings.
(microtype)             See the microtype manual for details.

[3] [4] [5] <images/spinnaker_die.jpg, id=274, 494.84875pt x 341.275pt>
File: images/spinnaker_die.jpg Graphic file (type jpg)

<use images/spinnaker_die.jpg>
Package pdftex.def Info: images/spinnaker_die.jpg used on input line 356.
(pdftex.def)             Requested size: 103.14124pt x 71.12828pt.
LaTeX Font Info:    Font shape `T1/MinionPro-LF/bx/n' in size <10> not availabl
e
(Font)              Font shape `T1/MinionPro-LF/b/n' tried instead on input lin
e 357.

<images/spin5.jpg, id=276, 863.225pt x 855.998pt>
File: images/spin5.jpg Graphic file (type jpg)
 <use images/spin5.jpg>
Package pdftex.def Info: images/spin5.jpg used on input line 365.
(pdftex.def)             Requested size: 185.65297pt x 184.08823pt.

[6

 <./images/spinnaker_die.jpg>] [7 <./images/spin5.jpg>]
<images/spinnaker_architecture.pdf, id=293, 433.98134pt x 352.1958pt>
File: images/spinnaker_architecture.pdf Graphic file (type pdf)

<use images/spinnaker_architecture.pdf>
Package pdftex.def Info: images/spinnaker_architecture.pdf used on input line 4
02.
(pdftex.def)             Requested size: 288.79422pt x 234.37386pt.
 [8 <./images/spinnaker_architecture.pdf>] <images/arm968_subsystem.pdf, id=351
, 365.55272pt x 273.61021pt>
File: images/arm968_subsystem.pdf Graphic file (type pdf)

<use images/arm968_subsystem.pdf>
Package pdftex.def Info: images/arm968_subsystem.pdf used on input line 416.
(pdftex.def)             Requested size: 288.79422pt x 216.1664pt.
 [9 <./images/arm968_subsystem.pdf>] [10]
<images/backpressure2.pdf, id=411, 537.89458pt x 392.08984pt>
File: images/backpressure2.pdf Graphic file (type pdf)

<use images/backpressure2.pdf>
Package pdftex.def Info: images/backpressure2.pdf used on input line 465.
(pdftex.def)             Requested size: 206.28249pt x 150.36574pt.

<images/system_architecture.pdf, id=412, 329.69675pt x 313.61667pt>
File: images/system_architecture.pdf Graphic file (type pdf)

<use images/system_architecture.pdf>
Package pdftex.def Info: images/system_architecture.pdf used on input line 473.

(pdftex.def)             Requested size: 144.40025pt x 137.36008pt.

<images/bursting.pdf, id=415, 490.21645pt x 408.11673pt>
File: images/bursting.pdf Graphic file (type pdf)

<use images/bursting.pdf>
Package pdftex.def Info: images/bursting.pdf used on input line 490.
(pdftex.def)             Requested size: 185.65297pt x 154.56287pt.

<images/bursting_connaware2.pdf, id=416, 485.81902pt x 392.08984pt>
File: images/bursting_connaware2.pdf Graphic file (type pdf)

<use images/bursting_connaware2.pdf>
Package pdftex.def Info: images/bursting_connaware2.pdf used on input line 496.

(pdftex.def)             Requested size: 185.65297pt x 149.83327pt.

Overfull \hbox (1.65674pt too wide) in paragraph at lines 488--500
[]$[]$ $[]$ 
 []

[11

 <./images/backpressure2.pdf> <./images/system_architecture.pdf>]
LaTeX Font Info:    Try loading font information for T1+cmtt on input line 508.


(/usr/share/texlive/texmf-dist/tex/latex/base/t1cmtt.fd
File: t1cmtt.fd 1999/05/25 v2.5h Standard LaTeX font definitions
)
Package microtype Info: Loading generic settings for font family
(microtype)             `cmtt' (encoding: T1).
(microtype)             For optimal results, create family-specific settings.
(microtype)             See the microtype manual for details.

<images/bursting_random.pdf, id=476, 490.21645pt x 408.1177pt>
File: images/bursting_random.pdf Graphic file (type pdf)

<use images/bursting_random.pdf>
Package pdftex.def Info: images/bursting_random.pdf used on input line 512.
(pdftex.def)             Requested size: 206.28249pt x 171.73831pt.
 [12 <./images/bursting.pdf> <./images/bursting_connaware2.pdf

pdfTeX warning: /usr/bin/pdflatex (file ./images/bursting_connaware2.pdf): PDF 
inclusion: multiple pdfs with page group included in a single page
> <./images/bursting_random.pdf

pdfTeX warning: /usr/bin/pdflatex (file ./images/bursting_random.pdf): PDF incl
usion: multiple pdfs with page group included in a single page
>] <images/heatdemo_finitediff.pdf, id=529, 93.53233pt x 93.53233pt>
File: images/heatdemo_finitediff.pdf Graphic file (type pdf)

<use images/heatdemo_finitediff.pdf>
Package pdftex.def Info: images/heatdemo_finitediff.pdf used on input line 545.

(pdftex.def)             Requested size: 61.88222pt x 61.88136pt.
 [13

 <./images/heatdemo_finitediff.pdf>]
<images/heatmap2x2.png, id=583, 654.445pt x 628.3475pt>
File: images/heatmap2x2.png Graphic file (type png)

<use images/heatmap2x2.png>
Package pdftex.def Info: images/heatmap2x2.png used on input line 562.
(pdftex.def)             Requested size: 247.54149pt x 237.67194pt.
 [14 <./images/heatmap2x2.png>] [15

] [16] [17]
[18] [19] [20] (./fault_tolerance_report.bbl)
Package atveryend Info: Empty hook `BeforeClearDocument' on input line 747.
 [21]
Package atveryend Info: Empty hook `AfterLastShipout' on input line 747.

(./fault_tolerance_report.aux)
Package atveryend Info: Executing hook `AtVeryEndDocument' on input line 747.
Package atveryend Info: Executing hook `AtEndAfterFileList' on input line 747.
Package rerunfilecheck Info: File `fault_tolerance_report.out' has not changed.

(rerunfilecheck)             Checksum: 3D159F9BA7F5E57954672400CFD0A4B0;2593.


LaTeX Warning: There were multiply-defined labels.

 ) 
Here is how much of TeX's memory you used:
 30976 strings out of 493328
 544951 string characters out of 6140733
 785132 words of memory out of 5000000
 33434 multiletter control sequences out of 15000+600000
 341018 words of font info for 354 fonts, out of 8000000 for 9000
 953 hyphenation exceptions out of 8191
 56i,8n,92p,2104b,563s stack positions out of 5000i,500n,10000p,200000b,80000s
{/usr/share/texlive/texmf-dist/fonts/enc/dvips/mnsymbol/MnSymbolD.enc}{/usr/s
hare/texlive/texmf-local/fonts/enc/dvips/MinionPro/base-MinionPro-ae.enc}{/usr/
share/texlive/texmf-dist/fonts/enc/dvips/mnsymbol/MnSymbolC.enc}{/usr/share/tex
live/texmf-local/fonts/enc/dvips/MinionPro/base-MinionPro-ab.enc}{/usr/share/te
xlive/texmf-dist/fonts/enc/dvips/mnsymbol/MnSymbolE.enc}{/usr/share/texlive/tex
mf-dist/fonts/enc/dvips/cm-super/cm-super-t1.enc}{/usr/share/texlive/texmf-loca
l/fonts/enc/dvips/MinionPro/base-MinionPro-aa.enc}</usr/share/texlive/texmf-loc
al/fonts/type1/adobe/MinionPro/MinionPro-Bold.pfb></usr/share/texlive/texmf-loc
al/fonts/type1/adobe/MinionPro/MinionPro-It.pfb></usr/share/texlive/texmf-local
/fonts/type1/adobe/MinionPro/MinionPro-Regular.pfb></usr/share/texlive/texmf-di
st/fonts/type1/public/mnsymbol/MnSymbol10.pfb></usr/share/texlive/texmf-local/f
onts/type1/adobe/MyriadPro/MyriadPro-Regular.pfb></usr/share/texlive/texmf-dist
/fonts/type1/public/cm-super/sftt1095.pfb>
Output written on fault_tolerance_report.pdf (21 pages, 5746996 bytes).
PDF statistics:
 672 PDF objects out of 1000 (max. 8388607)
 466 compressed objects within 5 object streams
 84 named destinations out of 1000 (max. 500000)
 38324 words of extra memory for PDF output out of 42996 (max. 10000000)

